
**** Build of configuration Debug for project CRC ****

"C:\\ti\\ccs910\\ccs\\utils\\bin\\gmake" -k -j 4 all -O 
 
Building file: "../main.c"
Invoking: MSP430 Compiler
"C:/ti/ccs910/ccs/tools/compiler/ti-cgt-msp430_19.6.0.STS/bin/cl430" -vmspx --code_model=large --data_model=restricted --near_data=none --use_hw_mpy=F5 --include_path="D:/Current Works/MSP430F5529/MSP430F5529LP_Examples/CRC/My_Libraries" --include_path="C:/ti/ccs910/ccs/ccs_base/msp430/include" --include_path="D:/Current Works/MSP430F5529/MSP430F5529LP_Examples/CRC" --include_path="D:/Current Works/MSP430F5529/MSP430F5529LP_Examples/CRC/driverlib/MSP430F5xx_6xx" --include_path="C:/ti/ccs910/ccs/tools/compiler/ti-cgt-msp430_19.6.0.STS/include" --advice:power=all --define=__MSP430F5529__ -g --printf_support=minimal --diag_warning=225 --diag_wrap=off --display_error_number --silicon_errata=CPU21 --silicon_errata=CPU22 --silicon_errata=CPU23 --silicon_errata=CPU40 --preproc_with_compile --preproc_dependency="main.d_raw"  "../main.c"
"../main.c", line 44: remark #1544-D: (ULP 13.1) Detected loop counting up. Recommend loops count down as detecting zeros is easier
"../main.c", line 49: remark #1527-D: (ULP 2.1) Detected SW delay loop using __delay_cycles. Recommend using a timer module instead
"../main.c", line 57: remark #1527-D: (ULP 2.1) Detected SW delay loop using __delay_cycles. Recommend using a timer module instead
"../main.c", line 62: remark #1544-D: (ULP 13.1) Detected loop counting up. Recommend loops count down as detecting zeros is easier
"../main.c", line 77: remark #1527-D: (ULP 2.1) Detected SW delay loop using empty loop. Recommend using a timer module instead
"../main.c", line 117: remark #1544-D: (ULP 13.1) Detected loop counting up. Recommend loops count down as detecting zeros is easier
"../main.c", line 147: remark #1544-D: (ULP 13.1) Detected loop counting up. Recommend loops count down as detecting zeros is easier
"../main.c", line 144: remark #1535-D: (ULP 8.1) variable "bits" is used as a constant. Recommend declaring variable as either 'static const' or 'const'
"../main.c", line 162: remark #1530-D: (ULP 5.1) Detected divide operation(s). Recommend moving them to RAM during run time or not using as these are processing/power intensive
Finished building: "../main.c"
 
Building target: "CRC.out"
Invoking: MSP430 Linker
"C:/ti/ccs910/ccs/tools/compiler/ti-cgt-msp430_19.6.0.STS/bin/cl430" -vmspx --code_model=large --data_model=restricted --near_data=none --use_hw_mpy=F5 --advice:power=all --define=__MSP430F5529__ -g --printf_support=minimal --diag_warning=225 --diag_wrap=off --display_error_number --silicon_errata=CPU21 --silicon_errata=CPU22 --silicon_errata=CPU23 --silicon_errata=CPU40 -z -m"CRC.map" --heap_size=160 --stack_size=160 --cinit_hold_wdt=on -i"C:/ti/ccs910/ccs/ccs_base/msp430/include" -i"C:/ti/ccs910/ccs/ccs_base/msp430/lib/5xx_6xx_FRxx" -i"C:/ti/ccs910/ccs/tools/compiler/ti-cgt-msp430_19.6.0.STS/lib" -i"C:/ti/ccs910/ccs/tools/compiler/ti-cgt-msp430_19.6.0.STS/include" --reread_libs --diag_wrap=off --display_error_number --warn_sections --xml_link_info="CRC_linkInfo.xml" --use_hw_mpy=F5 --rom_model -o "CRC.out" "./main.obj" "./My_Libraries/PCF8574.obj" "./My_Libraries/SW_I2C.obj" "./My_Libraries/lcd.obj" "./My_Libraries/lcd_print.obj" "./driverlib/MSP430F5xx_6xx/adc10_a.obj" "./driverlib/MSP430F5xx_6xx/adc12_a.obj" "./driverlib/MSP430F5xx_6xx/aes.obj" "./driverlib/MSP430F5xx_6xx/battbak.obj" "./driverlib/MSP430F5xx_6xx/comp_b.obj" "./driverlib/MSP430F5xx_6xx/crc.obj" "./driverlib/MSP430F5xx_6xx/ctsd16.obj" "./driverlib/MSP430F5xx_6xx/dac12_a.obj" "./driverlib/MSP430F5xx_6xx/dma.obj" "./driverlib/MSP430F5xx_6xx/eusci_a_spi.obj" "./driverlib/MSP430F5xx_6xx/eusci_a_uart.obj" "./driverlib/MSP430F5xx_6xx/eusci_b_i2c.obj" "./driverlib/MSP430F5xx_6xx/eusci_b_spi.obj" "./driverlib/MSP430F5xx_6xx/flashctl.obj" "./driverlib/MSP430F5xx_6xx/gpio.obj" "./driverlib/MSP430F5xx_6xx/lcd_b.obj" "./driverlib/MSP430F5xx_6xx/lcd_c.obj" "./driverlib/MSP430F5xx_6xx/ldopwr.obj" "./driverlib/MSP430F5xx_6xx/mpy32.obj" "./driverlib/MSP430F5xx_6xx/oa.obj" "./driverlib/MSP430F5xx_6xx/pmap.obj" "./driverlib/MSP430F5xx_6xx/pmm.obj" "./driverlib/MSP430F5xx_6xx/ram.obj" "./driverlib/MSP430F5xx_6xx/ref.obj" "./driverlib/MSP430F5xx_6xx/rtc_a.obj" "./driverlib/MSP430F5xx_6xx/rtc_b.obj" "./driverlib/MSP430F5xx_6xx/rtc_c.obj" "./driverlib/MSP430F5xx_6xx/sd24_b.obj" "./driverlib/MSP430F5xx_6xx/sfr.obj" "./driverlib/MSP430F5xx_6xx/sysctl.obj" "./driverlib/MSP430F5xx_6xx/tec.obj" "./driverlib/MSP430F5xx_6xx/timer_a.obj" "./driverlib/MSP430F5xx_6xx/timer_b.obj" "./driverlib/MSP430F5xx_6xx/timer_d.obj" "./driverlib/MSP430F5xx_6xx/tlv.obj" "./driverlib/MSP430F5xx_6xx/ucs.obj" "./driverlib/MSP430F5xx_6xx/usci_a_spi.obj" "./driverlib/MSP430F5xx_6xx/usci_a_uart.obj" "./driverlib/MSP430F5xx_6xx/usci_b_i2c.obj" "./driverlib/MSP430F5xx_6xx/usci_b_spi.obj" "./driverlib/MSP430F5xx_6xx/wdt_a.obj" "../lnk_msp430f5529.cmd"  -llibmath.a -llibc.a 
<Linking>
remark #10372-D: (ULP 4.1) Detected uninitialized Port A in this project. Recommend initializing all unused ports to eliminate wasted current consumption on unused pins.
remark #10372-D: (ULP 4.1) Detected uninitialized Port B in this project. Recommend initializing all unused ports to eliminate wasted current consumption on unused pins.
remark #10372-D: (ULP 4.1) Detected uninitialized Port C in this project. Recommend initializing all unused ports to eliminate wasted current consumption on unused pins.
remark #10372-D: (ULP 4.1) Detected uninitialized Port D in this project. Recommend initializing all unused ports to eliminate wasted current consumption on unused pins.
Finished building target: "CRC.out"
 
Building files: "CRC.out"
Invoking: MSP430 Hex Utility
"C:/ti/ccs910/ccs/tools/compiler/ti-cgt-msp430_19.6.0.STS/bin/hex430" --memwidth=8 --romwidth=8 --intel -o "CRC.hex"  "CRC.out" 
Translating to Intel format...
   "CRC.out" .text:_isr ==> .text:_isr
   "CRC.out" .const ==> .const
   "CRC.out" .cinit ==> .cinit
   "CRC.out" RTC ==> RTC
   "CRC.out" PORT2 ==> PORT2
   "CRC.out" TIMER2_A1 ==> TIMER2_A1
   "CRC.out" TIMER2_A0 ==> TIMER2_A0
   "CRC.out" USCI_B1 ==> USCI_B1
   "CRC.out" USCI_A1 ==> USCI_A1
   "CRC.out" PORT1 ==> PORT1
   "CRC.out" TIMER1_A1 ==> TIMER1_A1
   "CRC.out" TIMER1_A0 ==> TIMER1_A0
   "CRC.out" DMA ==> DMA
   "CRC.out" USB_UBM ==> USB_UBM
   "CRC.out" TIMER0_A1 ==> TIMER0_A1
   "CRC.out" TIMER0_A0 ==> TIMER0_A0
   "CRC.out" ADC12 ==> ADC12
   "CRC.out" USCI_B0 ==> USCI_B0
   "CRC.out" USCI_A0 ==> USCI_A0
   "CRC.out" WDT ==> WDT
   "CRC.out" TIMER0_B1 ==> TIMER0_B1
   "CRC.out" TIMER0_B0 ==> TIMER0_B0
   "CRC.out" COMP_B ==> COMP_B
   "CRC.out" UNMI ==> UNMI
   "CRC.out" SYSNMI ==> SYSNMI
   "CRC.out" .reset ==> .reset
   "CRC.out" .text ==> .text
Finished building: "CRC.out"
 

**** Build Finished ****
