
**** Build of configuration Debug for project EXTI+LPM ****

"C:\\ti\\ccs910\\ccs\\utils\\bin\\gmake" -k -j 4 all -O 
 
Building file: "../driverlib/MSP430F5xx_6xx/adc10_a.c"
Invoking: MSP430 Compiler
"C:/ti/ccs910/ccs/tools/compiler/ti-cgt-msp430_19.6.0.STS/bin/cl430" -vmspx --code_model=large --data_model=restricted --near_data=none --use_hw_mpy=F5 --include_path="C:/ti/ccs910/ccs/ccs_base/msp430/include" --include_path="D:/Current Works/MSP430F5529/MSP430F5529LP_Examples/EXTI+LPM" --include_path="D:/Current Works/MSP430F5529/MSP430F5529LP_Examples/EXTI+LPM/driverlib/MSP430F5xx_6xx" --include_path="C:/ti/ccs910/ccs/tools/compiler/ti-cgt-msp430_19.6.0.STS/include" --advice:power=all --define=__MSP430F5529__ -g --printf_support=minimal --diag_warning=225 --diag_wrap=off --display_error_number --silicon_errata=CPU21 --silicon_errata=CPU22 --silicon_errata=CPU23 --silicon_errata=CPU40 --preproc_with_compile --preproc_dependency="driverlib/MSP430F5xx_6xx/adc10_a.d_raw" --obj_directory="driverlib/MSP430F5xx_6xx"  "../driverlib/MSP430F5xx_6xx/adc10_a.c"
Finished building: "../driverlib/MSP430F5xx_6xx/adc10_a.c"
 
Building file: "../driverlib/MSP430F5xx_6xx/aes.c"
Invoking: MSP430 Compiler
"C:/ti/ccs910/ccs/tools/compiler/ti-cgt-msp430_19.6.0.STS/bin/cl430" -vmspx --code_model=large --data_model=restricted --near_data=none --use_hw_mpy=F5 --include_path="C:/ti/ccs910/ccs/ccs_base/msp430/include" --include_path="D:/Current Works/MSP430F5529/MSP430F5529LP_Examples/EXTI+LPM" --include_path="D:/Current Works/MSP430F5529/MSP430F5529LP_Examples/EXTI+LPM/driverlib/MSP430F5xx_6xx" --include_path="C:/ti/ccs910/ccs/tools/compiler/ti-cgt-msp430_19.6.0.STS/include" --advice:power=all --define=__MSP430F5529__ -g --printf_support=minimal --diag_warning=225 --diag_wrap=off --display_error_number --silicon_errata=CPU21 --silicon_errata=CPU22 --silicon_errata=CPU23 --silicon_errata=CPU40 --preproc_with_compile --preproc_dependency="driverlib/MSP430F5xx_6xx/aes.d_raw" --obj_directory="driverlib/MSP430F5xx_6xx"  "../driverlib/MSP430F5xx_6xx/aes.c"
Finished building: "../driverlib/MSP430F5xx_6xx/aes.c"
 
Building file: "../main.c"
Invoking: MSP430 Compiler
"C:/ti/ccs910/ccs/tools/compiler/ti-cgt-msp430_19.6.0.STS/bin/cl430" -vmspx --code_model=large --data_model=restricted --near_data=none --use_hw_mpy=F5 --include_path="C:/ti/ccs910/ccs/ccs_base/msp430/include" --include_path="D:/Current Works/MSP430F5529/MSP430F5529LP_Examples/EXTI+LPM" --include_path="D:/Current Works/MSP430F5529/MSP430F5529LP_Examples/EXTI+LPM/driverlib/MSP430F5xx_6xx" --include_path="C:/ti/ccs910/ccs/tools/compiler/ti-cgt-msp430_19.6.0.STS/include" --advice:power=all --define=__MSP430F5529__ -g --printf_support=minimal --diag_warning=225 --diag_wrap=off --display_error_number --silicon_errata=CPU21 --silicon_errata=CPU22 --silicon_errata=CPU23 --silicon_errata=CPU40 --preproc_with_compile --preproc_dependency="main.d_raw"  "../main.c"
"../main.c", line 15: remark #1538-D: (ULP 10.1) ISR PORT1_ISR calls function GPIO_getInterruptStatus. Recommend moving function call away from ISR, or inlining the function, or using pragmas
"../main.c", line 17: remark #1538-D: (ULP 10.1) ISR PORT1_ISR calls function GPIO_clearInterrupt. Recommend moving function call away from ISR, or inlining the function, or using pragmas
"../main.c", line 35: remark #1544-D: (ULP 13.1) Detected loop counting up. Recommend loops count down as detecting zeros is easier
"../main.c", line 38: remark #1527-D: (ULP 2.1) Detected SW delay loop using __delay_cycles. Recommend using a timer module instead
"../main.c", line 43: remark #1544-D: (ULP 13.1) Detected loop counting up. Recommend loops count down as detecting zeros is easier
"../main.c", line 46: remark #1527-D: (ULP 2.1) Detected SW delay loop using __delay_cycles. Recommend using a timer module instead
Finished building: "../main.c"
 
Building file: "../driverlib/MSP430F5xx_6xx/adc12_a.c"
Invoking: MSP430 Compiler
"C:/ti/ccs910/ccs/tools/compiler/ti-cgt-msp430_19.6.0.STS/bin/cl430" -vmspx --code_model=large --data_model=restricted --near_data=none --use_hw_mpy=F5 --include_path="C:/ti/ccs910/ccs/ccs_base/msp430/include" --include_path="D:/Current Works/MSP430F5529/MSP430F5529LP_Examples/EXTI+LPM" --include_path="D:/Current Works/MSP430F5529/MSP430F5529LP_Examples/EXTI+LPM/driverlib/MSP430F5xx_6xx" --include_path="C:/ti/ccs910/ccs/tools/compiler/ti-cgt-msp430_19.6.0.STS/include" --advice:power=all --define=__MSP430F5529__ -g --printf_support=minimal --diag_warning=225 --diag_wrap=off --display_error_number --silicon_errata=CPU21 --silicon_errata=CPU22 --silicon_errata=CPU23 --silicon_errata=CPU40 --preproc_with_compile --preproc_dependency="driverlib/MSP430F5xx_6xx/adc12_a.d_raw" --obj_directory="driverlib/MSP430F5xx_6xx"  "../driverlib/MSP430F5xx_6xx/adc12_a.c"
"../driverlib/MSP430F5xx_6xx/adc12_a.c", line 60: remark #1535-D: (ULP 8.1) variable "retVal" is used as a constant. Recommend declaring variable as either 'static const' or 'const'
"../driverlib/MSP430F5xx_6xx/adc12_a.c", line 204: remark #1527-D: (ULP 2.1) Detected SW delay loop using empty loop. Recommend using a timer module instead
Finished building: "../driverlib/MSP430F5xx_6xx/adc12_a.c"
 
Building file: "../driverlib/MSP430F5xx_6xx/ctsd16.c"
Invoking: MSP430 Compiler
"C:/ti/ccs910/ccs/tools/compiler/ti-cgt-msp430_19.6.0.STS/bin/cl430" -vmspx --code_model=large --data_model=restricted --near_data=none --use_hw_mpy=F5 --include_path="C:/ti/ccs910/ccs/ccs_base/msp430/include" --include_path="D:/Current Works/MSP430F5529/MSP430F5529LP_Examples/EXTI+LPM" --include_path="D:/Current Works/MSP430F5529/MSP430F5529LP_Examples/EXTI+LPM/driverlib/MSP430F5xx_6xx" --include_path="C:/ti/ccs910/ccs/tools/compiler/ti-cgt-msp430_19.6.0.STS/include" --advice:power=all --define=__MSP430F5529__ -g --printf_support=minimal --diag_warning=225 --diag_wrap=off --display_error_number --silicon_errata=CPU21 --silicon_errata=CPU22 --silicon_errata=CPU23 --silicon_errata=CPU40 --preproc_with_compile --preproc_dependency="driverlib/MSP430F5xx_6xx/ctsd16.d_raw" --obj_directory="driverlib/MSP430F5xx_6xx"  "../driverlib/MSP430F5xx_6xx/ctsd16.c"
Finished building: "../driverlib/MSP430F5xx_6xx/ctsd16.c"
 
Building file: "../driverlib/MSP430F5xx_6xx/battbak.c"
Invoking: MSP430 Compiler
"C:/ti/ccs910/ccs/tools/compiler/ti-cgt-msp430_19.6.0.STS/bin/cl430" -vmspx --code_model=large --data_model=restricted --near_data=none --use_hw_mpy=F5 --include_path="C:/ti/ccs910/ccs/ccs_base/msp430/include" --include_path="D:/Current Works/MSP430F5529/MSP430F5529LP_Examples/EXTI+LPM" --include_path="D:/Current Works/MSP430F5529/MSP430F5529LP_Examples/EXTI+LPM/driverlib/MSP430F5xx_6xx" --include_path="C:/ti/ccs910/ccs/tools/compiler/ti-cgt-msp430_19.6.0.STS/include" --advice:power=all --define=__MSP430F5529__ -g --printf_support=minimal --diag_warning=225 --diag_wrap=off --display_error_number --silicon_errata=CPU21 --silicon_errata=CPU22 --silicon_errata=CPU23 --silicon_errata=CPU40 --preproc_with_compile --preproc_dependency="driverlib/MSP430F5xx_6xx/battbak.d_raw" --obj_directory="driverlib/MSP430F5xx_6xx"  "../driverlib/MSP430F5xx_6xx/battbak.c"
Finished building: "../driverlib/MSP430F5xx_6xx/battbak.c"
 
Building file: "../driverlib/MSP430F5xx_6xx/comp_b.c"
Invoking: MSP430 Compiler
"C:/ti/ccs910/ccs/tools/compiler/ti-cgt-msp430_19.6.0.STS/bin/cl430" -vmspx --code_model=large --data_model=restricted --near_data=none --use_hw_mpy=F5 --include_path="C:/ti/ccs910/ccs/ccs_base/msp430/include" --include_path="D:/Current Works/MSP430F5529/MSP430F5529LP_Examples/EXTI+LPM" --include_path="D:/Current Works/MSP430F5529/MSP430F5529LP_Examples/EXTI+LPM/driverlib/MSP430F5xx_6xx" --include_path="C:/ti/ccs910/ccs/tools/compiler/ti-cgt-msp430_19.6.0.STS/include" --advice:power=all --define=__MSP430F5529__ -g --printf_support=minimal --diag_warning=225 --diag_wrap=off --display_error_number --silicon_errata=CPU21 --silicon_errata=CPU22 --silicon_errata=CPU23 --silicon_errata=CPU40 --preproc_with_compile --preproc_dependency="driverlib/MSP430F5xx_6xx/comp_b.d_raw" --obj_directory="driverlib/MSP430F5xx_6xx"  "../driverlib/MSP430F5xx_6xx/comp_b.c"
"../driverlib/MSP430F5xx_6xx/comp_b.c", line 54: remark #1535-D: (ULP 8.1) variable "retVal" is used as a constant. Recommend declaring variable as either 'static const' or 'const'
Finished building: "../driverlib/MSP430F5xx_6xx/comp_b.c"
 
Building file: "../driverlib/MSP430F5xx_6xx/crc.c"
Invoking: MSP430 Compiler
"C:/ti/ccs910/ccs/tools/compiler/ti-cgt-msp430_19.6.0.STS/bin/cl430" -vmspx --code_model=large --data_model=restricted --near_data=none --use_hw_mpy=F5 --include_path="C:/ti/ccs910/ccs/ccs_base/msp430/include" --include_path="D:/Current Works/MSP430F5529/MSP430F5529LP_Examples/EXTI+LPM" --include_path="D:/Current Works/MSP430F5529/MSP430F5529LP_Examples/EXTI+LPM/driverlib/MSP430F5xx_6xx" --include_path="C:/ti/ccs910/ccs/tools/compiler/ti-cgt-msp430_19.6.0.STS/include" --advice:power=all --define=__MSP430F5529__ -g --printf_support=minimal --diag_warning=225 --diag_wrap=off --display_error_number --silicon_errata=CPU21 --silicon_errata=CPU22 --silicon_errata=CPU23 --silicon_errata=CPU40 --preproc_with_compile --preproc_dependency="driverlib/MSP430F5xx_6xx/crc.d_raw" --obj_directory="driverlib/MSP430F5xx_6xx"  "../driverlib/MSP430F5xx_6xx/crc.c"
Finished building: "../driverlib/MSP430F5xx_6xx/crc.c"
 
Building file: "../driverlib/MSP430F5xx_6xx/dac12_a.c"
Invoking: MSP430 Compiler
"C:/ti/ccs910/ccs/tools/compiler/ti-cgt-msp430_19.6.0.STS/bin/cl430" -vmspx --code_model=large --data_model=restricted --near_data=none --use_hw_mpy=F5 --include_path="C:/ti/ccs910/ccs/ccs_base/msp430/include" --include_path="D:/Current Works/MSP430F5529/MSP430F5529LP_Examples/EXTI+LPM" --include_path="D:/Current Works/MSP430F5529/MSP430F5529LP_Examples/EXTI+LPM/driverlib/MSP430F5xx_6xx" --include_path="C:/ti/ccs910/ccs/tools/compiler/ti-cgt-msp430_19.6.0.STS/include" --advice:power=all --define=__MSP430F5529__ -g --printf_support=minimal --diag_warning=225 --diag_wrap=off --display_error_number --silicon_errata=CPU21 --silicon_errata=CPU22 --silicon_errata=CPU23 --silicon_errata=CPU40 --preproc_with_compile --preproc_dependency="driverlib/MSP430F5xx_6xx/dac12_a.d_raw" --obj_directory="driverlib/MSP430F5xx_6xx"  "../driverlib/MSP430F5xx_6xx/dac12_a.c"
Finished building: "../driverlib/MSP430F5xx_6xx/dac12_a.c"
 
Building file: "../driverlib/MSP430F5xx_6xx/eusci_a_uart.c"
Invoking: MSP430 Compiler
"C:/ti/ccs910/ccs/tools/compiler/ti-cgt-msp430_19.6.0.STS/bin/cl430" -vmspx --code_model=large --data_model=restricted --near_data=none --use_hw_mpy=F5 --include_path="C:/ti/ccs910/ccs/ccs_base/msp430/include" --include_path="D:/Current Works/MSP430F5529/MSP430F5529LP_Examples/EXTI+LPM" --include_path="D:/Current Works/MSP430F5529/MSP430F5529LP_Examples/EXTI+LPM/driverlib/MSP430F5xx_6xx" --include_path="C:/ti/ccs910/ccs/tools/compiler/ti-cgt-msp430_19.6.0.STS/include" --advice:power=all --define=__MSP430F5529__ -g --printf_support=minimal --diag_warning=225 --diag_wrap=off --display_error_number --silicon_errata=CPU21 --silicon_errata=CPU22 --silicon_errata=CPU23 --silicon_errata=CPU40 --preproc_with_compile --preproc_dependency="driverlib/MSP430F5xx_6xx/eusci_a_uart.d_raw" --obj_directory="driverlib/MSP430F5xx_6xx"  "../driverlib/MSP430F5xx_6xx/eusci_a_uart.c"
Finished building: "../driverlib/MSP430F5xx_6xx/eusci_a_uart.c"
 
Building file: "../driverlib/MSP430F5xx_6xx/eusci_a_spi.c"
Invoking: MSP430 Compiler
"C:/ti/ccs910/ccs/tools/compiler/ti-cgt-msp430_19.6.0.STS/bin/cl430" -vmspx --code_model=large --data_model=restricted --near_data=none --use_hw_mpy=F5 --include_path="C:/ti/ccs910/ccs/ccs_base/msp430/include" --include_path="D:/Current Works/MSP430F5529/MSP430F5529LP_Examples/EXTI+LPM" --include_path="D:/Current Works/MSP430F5529/MSP430F5529LP_Examples/EXTI+LPM/driverlib/MSP430F5xx_6xx" --include_path="C:/ti/ccs910/ccs/tools/compiler/ti-cgt-msp430_19.6.0.STS/include" --advice:power=all --define=__MSP430F5529__ -g --printf_support=minimal --diag_warning=225 --diag_wrap=off --display_error_number --silicon_errata=CPU21 --silicon_errata=CPU22 --silicon_errata=CPU23 --silicon_errata=CPU40 --preproc_with_compile --preproc_dependency="driverlib/MSP430F5xx_6xx/eusci_a_spi.d_raw" --obj_directory="driverlib/MSP430F5xx_6xx"  "../driverlib/MSP430F5xx_6xx/eusci_a_spi.c"
Finished building: "../driverlib/MSP430F5xx_6xx/eusci_a_spi.c"
 
Building file: "../driverlib/MSP430F5xx_6xx/dma.c"
Invoking: MSP430 Compiler
"C:/ti/ccs910/ccs/tools/compiler/ti-cgt-msp430_19.6.0.STS/bin/cl430" -vmspx --code_model=large --data_model=restricted --near_data=none --use_hw_mpy=F5 --include_path="C:/ti/ccs910/ccs/ccs_base/msp430/include" --include_path="D:/Current Works/MSP430F5529/MSP430F5529LP_Examples/EXTI+LPM" --include_path="D:/Current Works/MSP430F5529/MSP430F5529LP_Examples/EXTI+LPM/driverlib/MSP430F5xx_6xx" --include_path="C:/ti/ccs910/ccs/tools/compiler/ti-cgt-msp430_19.6.0.STS/include" --advice:power=all --define=__MSP430F5529__ -g --printf_support=minimal --diag_warning=225 --diag_wrap=off --display_error_number --silicon_errata=CPU21 --silicon_errata=CPU22 --silicon_errata=CPU23 --silicon_errata=CPU40 --preproc_with_compile --preproc_dependency="driverlib/MSP430F5xx_6xx/dma.d_raw" --obj_directory="driverlib/MSP430F5xx_6xx"  "../driverlib/MSP430F5xx_6xx/dma.c"
Finished building: "../driverlib/MSP430F5xx_6xx/dma.c"
 
Building file: "../driverlib/MSP430F5xx_6xx/eusci_b_i2c.c"
Invoking: MSP430 Compiler
"C:/ti/ccs910/ccs/tools/compiler/ti-cgt-msp430_19.6.0.STS/bin/cl430" -vmspx --code_model=large --data_model=restricted --near_data=none --use_hw_mpy=F5 --include_path="C:/ti/ccs910/ccs/ccs_base/msp430/include" --include_path="D:/Current Works/MSP430F5529/MSP430F5529LP_Examples/EXTI+LPM" --include_path="D:/Current Works/MSP430F5529/MSP430F5529LP_Examples/EXTI+LPM/driverlib/MSP430F5xx_6xx" --include_path="C:/ti/ccs910/ccs/tools/compiler/ti-cgt-msp430_19.6.0.STS/include" --advice:power=all --define=__MSP430F5529__ -g --printf_support=minimal --diag_warning=225 --diag_wrap=off --display_error_number --silicon_errata=CPU21 --silicon_errata=CPU22 --silicon_errata=CPU23 --silicon_errata=CPU40 --preproc_with_compile --preproc_dependency="driverlib/MSP430F5xx_6xx/eusci_b_i2c.d_raw" --obj_directory="driverlib/MSP430F5xx_6xx"  "../driverlib/MSP430F5xx_6xx/eusci_b_i2c.c"
Finished building: "../driverlib/MSP430F5xx_6xx/eusci_b_i2c.c"
 
Building file: "../driverlib/MSP430F5xx_6xx/eusci_b_spi.c"
Invoking: MSP430 Compiler
"C:/ti/ccs910/ccs/tools/compiler/ti-cgt-msp430_19.6.0.STS/bin/cl430" -vmspx --code_model=large --data_model=restricted --near_data=none --use_hw_mpy=F5 --include_path="C:/ti/ccs910/ccs/ccs_base/msp430/include" --include_path="D:/Current Works/MSP430F5529/MSP430F5529LP_Examples/EXTI+LPM" --include_path="D:/Current Works/MSP430F5529/MSP430F5529LP_Examples/EXTI+LPM/driverlib/MSP430F5xx_6xx" --include_path="C:/ti/ccs910/ccs/tools/compiler/ti-cgt-msp430_19.6.0.STS/include" --advice:power=all --define=__MSP430F5529__ -g --printf_support=minimal --diag_warning=225 --diag_wrap=off --display_error_number --silicon_errata=CPU21 --silicon_errata=CPU22 --silicon_errata=CPU23 --silicon_errata=CPU40 --preproc_with_compile --preproc_dependency="driverlib/MSP430F5xx_6xx/eusci_b_spi.d_raw" --obj_directory="driverlib/MSP430F5xx_6xx"  "../driverlib/MSP430F5xx_6xx/eusci_b_spi.c"
Finished building: "../driverlib/MSP430F5xx_6xx/eusci_b_spi.c"
 
Building file: "../driverlib/MSP430F5xx_6xx/flashctl.c"
Invoking: MSP430 Compiler
"C:/ti/ccs910/ccs/tools/compiler/ti-cgt-msp430_19.6.0.STS/bin/cl430" -vmspx --code_model=large --data_model=restricted --near_data=none --use_hw_mpy=F5 --include_path="C:/ti/ccs910/ccs/ccs_base/msp430/include" --include_path="D:/Current Works/MSP430F5529/MSP430F5529LP_Examples/EXTI+LPM" --include_path="D:/Current Works/MSP430F5529/MSP430F5529LP_Examples/EXTI+LPM/driverlib/MSP430F5xx_6xx" --include_path="C:/ti/ccs910/ccs/tools/compiler/ti-cgt-msp430_19.6.0.STS/include" --advice:power=all --define=__MSP430F5529__ -g --printf_support=minimal --diag_warning=225 --diag_wrap=off --display_error_number --silicon_errata=CPU21 --silicon_errata=CPU22 --silicon_errata=CPU23 --silicon_errata=CPU40 --preproc_with_compile --preproc_dependency="driverlib/MSP430F5xx_6xx/flashctl.d_raw" --obj_directory="driverlib/MSP430F5xx_6xx"  "../driverlib/MSP430F5xx_6xx/flashctl.c"
"../driverlib/MSP430F5xx_6xx/flashctl.c", line 122: remark #1544-D: (ULP 13.1) Detected loop counting up. Recommend loops count down as detecting zeros is easier
Finished building: "../driverlib/MSP430F5xx_6xx/flashctl.c"
 
Building file: "../driverlib/MSP430F5xx_6xx/gpio.c"
Invoking: MSP430 Compiler
"C:/ti/ccs910/ccs/tools/compiler/ti-cgt-msp430_19.6.0.STS/bin/cl430" -vmspx --code_model=large --data_model=restricted --near_data=none --use_hw_mpy=F5 --include_path="C:/ti/ccs910/ccs/ccs_base/msp430/include" --include_path="D:/Current Works/MSP430F5529/MSP430F5529LP_Examples/EXTI+LPM" --include_path="D:/Current Works/MSP430F5529/MSP430F5529LP_Examples/EXTI+LPM/driverlib/MSP430F5xx_6xx" --include_path="C:/ti/ccs910/ccs/tools/compiler/ti-cgt-msp430_19.6.0.STS/include" --advice:power=all --define=__MSP430F5529__ -g --printf_support=minimal --diag_warning=225 --diag_wrap=off --display_error_number --silicon_errata=CPU21 --silicon_errata=CPU22 --silicon_errata=CPU23 --silicon_errata=CPU40 --preproc_with_compile --preproc_dependency="driverlib/MSP430F5xx_6xx/gpio.d_raw" --obj_directory="driverlib/MSP430F5xx_6xx"  "../driverlib/MSP430F5xx_6xx/gpio.c"
Finished building: "../driverlib/MSP430F5xx_6xx/gpio.c"
 
Building file: "../driverlib/MSP430F5xx_6xx/lcd_b.c"
Invoking: MSP430 Compiler
"C:/ti/ccs910/ccs/tools/compiler/ti-cgt-msp430_19.6.0.STS/bin/cl430" -vmspx --code_model=large --data_model=restricted --near_data=none --use_hw_mpy=F5 --include_path="C:/ti/ccs910/ccs/ccs_base/msp430/include" --include_path="D:/Current Works/MSP430F5529/MSP430F5529LP_Examples/EXTI+LPM" --include_path="D:/Current Works/MSP430F5529/MSP430F5529LP_Examples/EXTI+LPM/driverlib/MSP430F5xx_6xx" --include_path="C:/ti/ccs910/ccs/tools/compiler/ti-cgt-msp430_19.6.0.STS/include" --advice:power=all --define=__MSP430F5529__ -g --printf_support=minimal --diag_warning=225 --diag_wrap=off --display_error_number --silicon_errata=CPU21 --silicon_errata=CPU22 --silicon_errata=CPU23 --silicon_errata=CPU40 --preproc_with_compile --preproc_dependency="driverlib/MSP430F5xx_6xx/lcd_b.d_raw" --obj_directory="driverlib/MSP430F5xx_6xx"  "../driverlib/MSP430F5xx_6xx/lcd_b.c"
Finished building: "../driverlib/MSP430F5xx_6xx/lcd_b.c"
 
Building file: "../driverlib/MSP430F5xx_6xx/lcd_c.c"
Invoking: MSP430 Compiler
"C:/ti/ccs910/ccs/tools/compiler/ti-cgt-msp430_19.6.0.STS/bin/cl430" -vmspx --code_model=large --data_model=restricted --near_data=none --use_hw_mpy=F5 --include_path="C:/ti/ccs910/ccs/ccs_base/msp430/include" --include_path="D:/Current Works/MSP430F5529/MSP430F5529LP_Examples/EXTI+LPM" --include_path="D:/Current Works/MSP430F5529/MSP430F5529LP_Examples/EXTI+LPM/driverlib/MSP430F5xx_6xx" --include_path="C:/ti/ccs910/ccs/tools/compiler/ti-cgt-msp430_19.6.0.STS/include" --advice:power=all --define=__MSP430F5529__ -g --printf_support=minimal --diag_warning=225 --diag_wrap=off --display_error_number --silicon_errata=CPU21 --silicon_errata=CPU22 --silicon_errata=CPU23 --silicon_errata=CPU40 --preproc_with_compile --preproc_dependency="driverlib/MSP430F5xx_6xx/lcd_c.d_raw" --obj_directory="driverlib/MSP430F5xx_6xx"  "../driverlib/MSP430F5xx_6xx/lcd_c.c"
Finished building: "../driverlib/MSP430F5xx_6xx/lcd_c.c"
 
Building file: "../driverlib/MSP430F5xx_6xx/ldopwr.c"
Invoking: MSP430 Compiler
"C:/ti/ccs910/ccs/tools/compiler/ti-cgt-msp430_19.6.0.STS/bin/cl430" -vmspx --code_model=large --data_model=restricted --near_data=none --use_hw_mpy=F5 --include_path="C:/ti/ccs910/ccs/ccs_base/msp430/include" --include_path="D:/Current Works/MSP430F5529/MSP430F5529LP_Examples/EXTI+LPM" --include_path="D:/Current Works/MSP430F5529/MSP430F5529LP_Examples/EXTI+LPM/driverlib/MSP430F5xx_6xx" --include_path="C:/ti/ccs910/ccs/tools/compiler/ti-cgt-msp430_19.6.0.STS/include" --advice:power=all --define=__MSP430F5529__ -g --printf_support=minimal --diag_warning=225 --diag_wrap=off --display_error_number --silicon_errata=CPU21 --silicon_errata=CPU22 --silicon_errata=CPU23 --silicon_errata=CPU40 --preproc_with_compile --preproc_dependency="driverlib/MSP430F5xx_6xx/ldopwr.d_raw" --obj_directory="driverlib/MSP430F5xx_6xx"  "../driverlib/MSP430F5xx_6xx/ldopwr.c"
Finished building: "../driverlib/MSP430F5xx_6xx/ldopwr.c"
 
Building file: "../driverlib/MSP430F5xx_6xx/mpy32.c"
Invoking: MSP430 Compiler
"C:/ti/ccs910/ccs/tools/compiler/ti-cgt-msp430_19.6.0.STS/bin/cl430" -vmspx --code_model=large --data_model=restricted --near_data=none --use_hw_mpy=F5 --include_path="C:/ti/ccs910/ccs/ccs_base/msp430/include" --include_path="D:/Current Works/MSP430F5529/MSP430F5529LP_Examples/EXTI+LPM" --include_path="D:/Current Works/MSP430F5529/MSP430F5529LP_Examples/EXTI+LPM/driverlib/MSP430F5xx_6xx" --include_path="C:/ti/ccs910/ccs/tools/compiler/ti-cgt-msp430_19.6.0.STS/include" --advice:power=all --define=__MSP430F5529__ -g --printf_support=minimal --diag_warning=225 --diag_wrap=off --display_error_number --silicon_errata=CPU21 --silicon_errata=CPU22 --silicon_errata=CPU23 --silicon_errata=CPU40 --preproc_with_compile --preproc_dependency="driverlib/MSP430F5xx_6xx/mpy32.d_raw" --obj_directory="driverlib/MSP430F5xx_6xx"  "../driverlib/MSP430F5xx_6xx/mpy32.c"
Finished building: "../driverlib/MSP430F5xx_6xx/mpy32.c"
 
Building file: "../driverlib/MSP430F5xx_6xx/oa.c"
Invoking: MSP430 Compiler
"C:/ti/ccs910/ccs/tools/compiler/ti-cgt-msp430_19.6.0.STS/bin/cl430" -vmspx --code_model=large --data_model=restricted --near_data=none --use_hw_mpy=F5 --include_path="C:/ti/ccs910/ccs/ccs_base/msp430/include" --include_path="D:/Current Works/MSP430F5529/MSP430F5529LP_Examples/EXTI+LPM" --include_path="D:/Current Works/MSP430F5529/MSP430F5529LP_Examples/EXTI+LPM/driverlib/MSP430F5xx_6xx" --include_path="C:/ti/ccs910/ccs/tools/compiler/ti-cgt-msp430_19.6.0.STS/include" --advice:power=all --define=__MSP430F5529__ -g --printf_support=minimal --diag_warning=225 --diag_wrap=off --display_error_number --silicon_errata=CPU21 --silicon_errata=CPU22 --silicon_errata=CPU23 --silicon_errata=CPU40 --preproc_with_compile --preproc_dependency="driverlib/MSP430F5xx_6xx/oa.d_raw" --obj_directory="driverlib/MSP430F5xx_6xx"  "../driverlib/MSP430F5xx_6xx/oa.c"
Finished building: "../driverlib/MSP430F5xx_6xx/oa.c"
 
Building file: "../driverlib/MSP430F5xx_6xx/pmap.c"
Invoking: MSP430 Compiler
"C:/ti/ccs910/ccs/tools/compiler/ti-cgt-msp430_19.6.0.STS/bin/cl430" -vmspx --code_model=large --data_model=restricted --near_data=none --use_hw_mpy=F5 --include_path="C:/ti/ccs910/ccs/ccs_base/msp430/include" --include_path="D:/Current Works/MSP430F5529/MSP430F5529LP_Examples/EXTI+LPM" --include_path="D:/Current Works/MSP430F5529/MSP430F5529LP_Examples/EXTI+LPM/driverlib/MSP430F5xx_6xx" --include_path="C:/ti/ccs910/ccs/tools/compiler/ti-cgt-msp430_19.6.0.STS/include" --advice:power=all --define=__MSP430F5529__ -g --printf_support=minimal --diag_warning=225 --diag_wrap=off --display_error_number --silicon_errata=CPU21 --silicon_errata=CPU22 --silicon_errata=CPU23 --silicon_errata=CPU40 --preproc_with_compile --preproc_dependency="driverlib/MSP430F5xx_6xx/pmap.d_raw" --obj_directory="driverlib/MSP430F5xx_6xx"  "../driverlib/MSP430F5xx_6xx/pmap.c"
"../driverlib/MSP430F5xx_6xx/pmap.c", line 69: remark #1544-D: (ULP 13.1) Detected loop counting up. Recommend loops count down as detecting zeros is easier
"../driverlib/MSP430F5xx_6xx/pmap.c", line 69: remark #1543-D: (ULP 12.2) Detected for loop with repetitive data transfer. Recommend using DMA
Finished building: "../driverlib/MSP430F5xx_6xx/pmap.c"
 
Building file: "../driverlib/MSP430F5xx_6xx/ram.c"
Invoking: MSP430 Compiler
"C:/ti/ccs910/ccs/tools/compiler/ti-cgt-msp430_19.6.0.STS/bin/cl430" -vmspx --code_model=large --data_model=restricted --near_data=none --use_hw_mpy=F5 --include_path="C:/ti/ccs910/ccs/ccs_base/msp430/include" --include_path="D:/Current Works/MSP430F5529/MSP430F5529LP_Examples/EXTI+LPM" --include_path="D:/Current Works/MSP430F5529/MSP430F5529LP_Examples/EXTI+LPM/driverlib/MSP430F5xx_6xx" --include_path="C:/ti/ccs910/ccs/tools/compiler/ti-cgt-msp430_19.6.0.STS/include" --advice:power=all --define=__MSP430F5529__ -g --printf_support=minimal --diag_warning=225 --diag_wrap=off --display_error_number --silicon_errata=CPU21 --silicon_errata=CPU22 --silicon_errata=CPU23 --silicon_errata=CPU40 --preproc_with_compile --preproc_dependency="driverlib/MSP430F5xx_6xx/ram.d_raw" --obj_directory="driverlib/MSP430F5xx_6xx"  "../driverlib/MSP430F5xx_6xx/ram.c"
Finished building: "../driverlib/MSP430F5xx_6xx/ram.c"
 
Building file: "../driverlib/MSP430F5xx_6xx/pmm.c"
Invoking: MSP430 Compiler
"C:/ti/ccs910/ccs/tools/compiler/ti-cgt-msp430_19.6.0.STS/bin/cl430" -vmspx --code_model=large --data_model=restricted --near_data=none --use_hw_mpy=F5 --include_path="C:/ti/ccs910/ccs/ccs_base/msp430/include" --include_path="D:/Current Works/MSP430F5529/MSP430F5529LP_Examples/EXTI+LPM" --include_path="D:/Current Works/MSP430F5529/MSP430F5529LP_Examples/EXTI+LPM/driverlib/MSP430F5xx_6xx" --include_path="C:/ti/ccs910/ccs/tools/compiler/ti-cgt-msp430_19.6.0.STS/include" --advice:power=all --define=__MSP430F5529__ -g --printf_support=minimal --diag_warning=225 --diag_wrap=off --display_error_number --silicon_errata=CPU21 --silicon_errata=CPU22 --silicon_errata=CPU23 --silicon_errata=CPU40 --preproc_with_compile --preproc_dependency="driverlib/MSP430F5xx_6xx/pmm.d_raw" --obj_directory="driverlib/MSP430F5xx_6xx"  "../driverlib/MSP430F5xx_6xx/pmm.c"
"../driverlib/MSP430F5xx_6xx/pmm.c", line 306: remark #1528-D: (ULP 3.1) Detected flag polling using SVSMHDLYIFG. Recommend using an interrupt combined with enter LPMx and ISR
"../driverlib/MSP430F5xx_6xx/pmm.c", line 319: remark #1528-D: (ULP 3.1) Detected flag polling using SVSMHDLYIFG. Recommend using an interrupt combined with enter LPMx and ISR
"../driverlib/MSP430F5xx_6xx/pmm.c", line 341: remark #1528-D: (ULP 3.1) Detected flag polling using SVSMHDLYIFG. Recommend using an interrupt combined with enter LPMx and ISR
"../driverlib/MSP430F5xx_6xx/pmm.c", line 354: remark #1528-D: (ULP 3.1) Detected flag polling using SVSMLDLYIFG. Recommend using an interrupt combined with enter LPMx and ISR
"../driverlib/MSP430F5xx_6xx/pmm.c", line 389: remark #1528-D: (ULP 3.1) Detected flag polling using SVSMHDLYIFG. Recommend using an interrupt combined with enter LPMx and ISR
"../driverlib/MSP430F5xx_6xx/pmm.c", line 440: remark #1528-D: (ULP 3.1) Detected flag polling using SVSMLDLYIFG. Recommend using an interrupt combined with enter LPMx and ISR
"../driverlib/MSP430F5xx_6xx/pmm.c", line 477: remark #1528-D: (ULP 3.1) Detected flag polling using SVSMHDLYIFG. Recommend using an interrupt combined with enter LPMx and ISR
Finished building: "../driverlib/MSP430F5xx_6xx/pmm.c"
 
Building file: "../driverlib/MSP430F5xx_6xx/ref.c"
Invoking: MSP430 Compiler
"C:/ti/ccs910/ccs/tools/compiler/ti-cgt-msp430_19.6.0.STS/bin/cl430" -vmspx --code_model=large --data_model=restricted --near_data=none --use_hw_mpy=F5 --include_path="C:/ti/ccs910/ccs/ccs_base/msp430/include" --include_path="D:/Current Works/MSP430F5529/MSP430F5529LP_Examples/EXTI+LPM" --include_path="D:/Current Works/MSP430F5529/MSP430F5529LP_Examples/EXTI+LPM/driverlib/MSP430F5xx_6xx" --include_path="C:/ti/ccs910/ccs/tools/compiler/ti-cgt-msp430_19.6.0.STS/include" --advice:power=all --define=__MSP430F5529__ -g --printf_support=minimal --diag_warning=225 --diag_wrap=off --display_error_number --silicon_errata=CPU21 --silicon_errata=CPU22 --silicon_errata=CPU23 --silicon_errata=CPU40 --preproc_with_compile --preproc_dependency="driverlib/MSP430F5xx_6xx/ref.d_raw" --obj_directory="driverlib/MSP430F5xx_6xx"  "../driverlib/MSP430F5xx_6xx/ref.c"
Finished building: "../driverlib/MSP430F5xx_6xx/ref.c"
 
Building file: "../driverlib/MSP430F5xx_6xx/rtc_b.c"
Invoking: MSP430 Compiler
"C:/ti/ccs910/ccs/tools/compiler/ti-cgt-msp430_19.6.0.STS/bin/cl430" -vmspx --code_model=large --data_model=restricted --near_data=none --use_hw_mpy=F5 --include_path="C:/ti/ccs910/ccs/ccs_base/msp430/include" --include_path="D:/Current Works/MSP430F5529/MSP430F5529LP_Examples/EXTI+LPM" --include_path="D:/Current Works/MSP430F5529/MSP430F5529LP_Examples/EXTI+LPM/driverlib/MSP430F5xx_6xx" --include_path="C:/ti/ccs910/ccs/tools/compiler/ti-cgt-msp430_19.6.0.STS/include" --advice:power=all --define=__MSP430F5529__ -g --printf_support=minimal --diag_warning=225 --diag_wrap=off --display_error_number --silicon_errata=CPU21 --silicon_errata=CPU22 --silicon_errata=CPU23 --silicon_errata=CPU40 --preproc_with_compile --preproc_dependency="driverlib/MSP430F5xx_6xx/rtc_b.d_raw" --obj_directory="driverlib/MSP430F5xx_6xx"  "../driverlib/MSP430F5xx_6xx/rtc_b.c"
Finished building: "../driverlib/MSP430F5xx_6xx/rtc_b.c"
 
Building file: "../driverlib/MSP430F5xx_6xx/rtc_a.c"
Invoking: MSP430 Compiler
"C:/ti/ccs910/ccs/tools/compiler/ti-cgt-msp430_19.6.0.STS/bin/cl430" -vmspx --code_model=large --data_model=restricted --near_data=none --use_hw_mpy=F5 --include_path="C:/ti/ccs910/ccs/ccs_base/msp430/include" --include_path="D:/Current Works/MSP430F5529/MSP430F5529LP_Examples/EXTI+LPM" --include_path="D:/Current Works/MSP430F5529/MSP430F5529LP_Examples/EXTI+LPM/driverlib/MSP430F5xx_6xx" --include_path="C:/ti/ccs910/ccs/tools/compiler/ti-cgt-msp430_19.6.0.STS/include" --advice:power=all --define=__MSP430F5529__ -g --printf_support=minimal --diag_warning=225 --diag_wrap=off --display_error_number --silicon_errata=CPU21 --silicon_errata=CPU22 --silicon_errata=CPU23 --silicon_errata=CPU40 --preproc_with_compile --preproc_dependency="driverlib/MSP430F5xx_6xx/rtc_a.d_raw" --obj_directory="driverlib/MSP430F5xx_6xx"  "../driverlib/MSP430F5xx_6xx/rtc_a.c"
"../driverlib/MSP430F5xx_6xx/rtc_a.c", line 109: remark #1527-D: (ULP 2.1) Detected SW delay loop using empty loop. Recommend using a timer module instead
"../driverlib/MSP430F5xx_6xx/rtc_a.c", line 112: remark #1546-D: (ULP 15.1) Detected consecutive bitfield assigns. Recommend using bit mask instead
"../driverlib/MSP430F5xx_6xx/rtc_a.c", line 113: remark #1546-D: (ULP 15.1) Detected consecutive bitfield assigns. Recommend using bit mask instead
"../driverlib/MSP430F5xx_6xx/rtc_a.c", line 114: remark #1546-D: (ULP 15.1) Detected consecutive bitfield assigns. Recommend using bit mask instead
"../driverlib/MSP430F5xx_6xx/rtc_a.c", line 115: remark #1546-D: (ULP 15.1) Detected consecutive bitfield assigns. Recommend using bit mask instead
"../driverlib/MSP430F5xx_6xx/rtc_a.c", line 116: remark #1546-D: (ULP 15.1) Detected consecutive bitfield assigns. Recommend using bit mask instead
"../driverlib/MSP430F5xx_6xx/rtc_a.c", line 117: remark #1546-D: (ULP 15.1) Detected consecutive bitfield assigns. Recommend using bit mask instead
Finished building: "../driverlib/MSP430F5xx_6xx/rtc_a.c"
 
Building file: "../driverlib/MSP430F5xx_6xx/rtc_c.c"
Invoking: MSP430 Compiler
"C:/ti/ccs910/ccs/tools/compiler/ti-cgt-msp430_19.6.0.STS/bin/cl430" -vmspx --code_model=large --data_model=restricted --near_data=none --use_hw_mpy=F5 --include_path="C:/ti/ccs910/ccs/ccs_base/msp430/include" --include_path="D:/Current Works/MSP430F5529/MSP430F5529LP_Examples/EXTI+LPM" --include_path="D:/Current Works/MSP430F5529/MSP430F5529LP_Examples/EXTI+LPM/driverlib/MSP430F5xx_6xx" --include_path="C:/ti/ccs910/ccs/tools/compiler/ti-cgt-msp430_19.6.0.STS/include" --advice:power=all --define=__MSP430F5529__ -g --printf_support=minimal --diag_warning=225 --diag_wrap=off --display_error_number --silicon_errata=CPU21 --silicon_errata=CPU22 --silicon_errata=CPU23 --silicon_errata=CPU40 --preproc_with_compile --preproc_dependency="driverlib/MSP430F5xx_6xx/rtc_c.d_raw" --obj_directory="driverlib/MSP430F5xx_6xx"  "../driverlib/MSP430F5xx_6xx/rtc_c.c"
Finished building: "../driverlib/MSP430F5xx_6xx/rtc_c.c"
 
Building file: "../driverlib/MSP430F5xx_6xx/sfr.c"
Invoking: MSP430 Compiler
"C:/ti/ccs910/ccs/tools/compiler/ti-cgt-msp430_19.6.0.STS/bin/cl430" -vmspx --code_model=large --data_model=restricted --near_data=none --use_hw_mpy=F5 --include_path="C:/ti/ccs910/ccs/ccs_base/msp430/include" --include_path="D:/Current Works/MSP430F5529/MSP430F5529LP_Examples/EXTI+LPM" --include_path="D:/Current Works/MSP430F5529/MSP430F5529LP_Examples/EXTI+LPM/driverlib/MSP430F5xx_6xx" --include_path="C:/ti/ccs910/ccs/tools/compiler/ti-cgt-msp430_19.6.0.STS/include" --advice:power=all --define=__MSP430F5529__ -g --printf_support=minimal --diag_warning=225 --diag_wrap=off --display_error_number --silicon_errata=CPU21 --silicon_errata=CPU22 --silicon_errata=CPU23 --silicon_errata=CPU40 --preproc_with_compile --preproc_dependency="driverlib/MSP430F5xx_6xx/sfr.d_raw" --obj_directory="driverlib/MSP430F5xx_6xx"  "../driverlib/MSP430F5xx_6xx/sfr.c"
Finished building: "../driverlib/MSP430F5xx_6xx/sfr.c"
 
Building file: "../driverlib/MSP430F5xx_6xx/sd24_b.c"
Invoking: MSP430 Compiler
"C:/ti/ccs910/ccs/tools/compiler/ti-cgt-msp430_19.6.0.STS/bin/cl430" -vmspx --code_model=large --data_model=restricted --near_data=none --use_hw_mpy=F5 --include_path="C:/ti/ccs910/ccs/ccs_base/msp430/include" --include_path="D:/Current Works/MSP430F5529/MSP430F5529LP_Examples/EXTI+LPM" --include_path="D:/Current Works/MSP430F5529/MSP430F5529LP_Examples/EXTI+LPM/driverlib/MSP430F5xx_6xx" --include_path="C:/ti/ccs910/ccs/tools/compiler/ti-cgt-msp430_19.6.0.STS/include" --advice:power=all --define=__MSP430F5529__ -g --printf_support=minimal --diag_warning=225 --diag_wrap=off --display_error_number --silicon_errata=CPU21 --silicon_errata=CPU22 --silicon_errata=CPU23 --silicon_errata=CPU40 --preproc_with_compile --preproc_dependency="driverlib/MSP430F5xx_6xx/sd24_b.d_raw" --obj_directory="driverlib/MSP430F5xx_6xx"  "../driverlib/MSP430F5xx_6xx/sd24_b.c"
Finished building: "../driverlib/MSP430F5xx_6xx/sd24_b.c"
 
Building file: "../driverlib/MSP430F5xx_6xx/sysctl.c"
Invoking: MSP430 Compiler
"C:/ti/ccs910/ccs/tools/compiler/ti-cgt-msp430_19.6.0.STS/bin/cl430" -vmspx --code_model=large --data_model=restricted --near_data=none --use_hw_mpy=F5 --include_path="C:/ti/ccs910/ccs/ccs_base/msp430/include" --include_path="D:/Current Works/MSP430F5529/MSP430F5529LP_Examples/EXTI+LPM" --include_path="D:/Current Works/MSP430F5529/MSP430F5529LP_Examples/EXTI+LPM/driverlib/MSP430F5xx_6xx" --include_path="C:/ti/ccs910/ccs/tools/compiler/ti-cgt-msp430_19.6.0.STS/include" --advice:power=all --define=__MSP430F5529__ -g --printf_support=minimal --diag_warning=225 --diag_wrap=off --display_error_number --silicon_errata=CPU21 --silicon_errata=CPU22 --silicon_errata=CPU23 --silicon_errata=CPU40 --preproc_with_compile --preproc_dependency="driverlib/MSP430F5xx_6xx/sysctl.d_raw" --obj_directory="driverlib/MSP430F5xx_6xx"  "../driverlib/MSP430F5xx_6xx/sysctl.c"
Finished building: "../driverlib/MSP430F5xx_6xx/sysctl.c"
 
Building file: "../driverlib/MSP430F5xx_6xx/tec.c"
Invoking: MSP430 Compiler
"C:/ti/ccs910/ccs/tools/compiler/ti-cgt-msp430_19.6.0.STS/bin/cl430" -vmspx --code_model=large --data_model=restricted --near_data=none --use_hw_mpy=F5 --include_path="C:/ti/ccs910/ccs/ccs_base/msp430/include" --include_path="D:/Current Works/MSP430F5529/MSP430F5529LP_Examples/EXTI+LPM" --include_path="D:/Current Works/MSP430F5529/MSP430F5529LP_Examples/EXTI+LPM/driverlib/MSP430F5xx_6xx" --include_path="C:/ti/ccs910/ccs/tools/compiler/ti-cgt-msp430_19.6.0.STS/include" --advice:power=all --define=__MSP430F5529__ -g --printf_support=minimal --diag_warning=225 --diag_wrap=off --display_error_number --silicon_errata=CPU21 --silicon_errata=CPU22 --silicon_errata=CPU23 --silicon_errata=CPU40 --preproc_with_compile --preproc_dependency="driverlib/MSP430F5xx_6xx/tec.d_raw" --obj_directory="driverlib/MSP430F5xx_6xx"  "../driverlib/MSP430F5xx_6xx/tec.c"
Finished building: "../driverlib/MSP430F5xx_6xx/tec.c"
 
Building file: "../driverlib/MSP430F5xx_6xx/timer_a.c"
Invoking: MSP430 Compiler
"C:/ti/ccs910/ccs/tools/compiler/ti-cgt-msp430_19.6.0.STS/bin/cl430" -vmspx --code_model=large --data_model=restricted --near_data=none --use_hw_mpy=F5 --include_path="C:/ti/ccs910/ccs/ccs_base/msp430/include" --include_path="D:/Current Works/MSP430F5529/MSP430F5529LP_Examples/EXTI+LPM" --include_path="D:/Current Works/MSP430F5529/MSP430F5529LP_Examples/EXTI+LPM/driverlib/MSP430F5xx_6xx" --include_path="C:/ti/ccs910/ccs/tools/compiler/ti-cgt-msp430_19.6.0.STS/include" --advice:power=all --define=__MSP430F5529__ -g --printf_support=minimal --diag_warning=225 --diag_wrap=off --display_error_number --silicon_errata=CPU21 --silicon_errata=CPU22 --silicon_errata=CPU23 --silicon_errata=CPU40 --preproc_with_compile --preproc_dependency="driverlib/MSP430F5xx_6xx/timer_a.d_raw" --obj_directory="driverlib/MSP430F5xx_6xx"  "../driverlib/MSP430F5xx_6xx/timer_a.c"
Finished building: "../driverlib/MSP430F5xx_6xx/timer_a.c"
 
Building file: "../driverlib/MSP430F5xx_6xx/timer_d.c"
Invoking: MSP430 Compiler
"C:/ti/ccs910/ccs/tools/compiler/ti-cgt-msp430_19.6.0.STS/bin/cl430" -vmspx --code_model=large --data_model=restricted --near_data=none --use_hw_mpy=F5 --include_path="C:/ti/ccs910/ccs/ccs_base/msp430/include" --include_path="D:/Current Works/MSP430F5529/MSP430F5529LP_Examples/EXTI+LPM" --include_path="D:/Current Works/MSP430F5529/MSP430F5529LP_Examples/EXTI+LPM/driverlib/MSP430F5xx_6xx" --include_path="C:/ti/ccs910/ccs/tools/compiler/ti-cgt-msp430_19.6.0.STS/include" --advice:power=all --define=__MSP430F5529__ -g --printf_support=minimal --diag_warning=225 --diag_wrap=off --display_error_number --silicon_errata=CPU21 --silicon_errata=CPU22 --silicon_errata=CPU23 --silicon_errata=CPU40 --preproc_with_compile --preproc_dependency="driverlib/MSP430F5xx_6xx/timer_d.d_raw" --obj_directory="driverlib/MSP430F5xx_6xx"  "../driverlib/MSP430F5xx_6xx/timer_d.c"
Finished building: "../driverlib/MSP430F5xx_6xx/timer_d.c"
 
Building file: "../driverlib/MSP430F5xx_6xx/timer_b.c"
Invoking: MSP430 Compiler
"C:/ti/ccs910/ccs/tools/compiler/ti-cgt-msp430_19.6.0.STS/bin/cl430" -vmspx --code_model=large --data_model=restricted --near_data=none --use_hw_mpy=F5 --include_path="C:/ti/ccs910/ccs/ccs_base/msp430/include" --include_path="D:/Current Works/MSP430F5529/MSP430F5529LP_Examples/EXTI+LPM" --include_path="D:/Current Works/MSP430F5529/MSP430F5529LP_Examples/EXTI+LPM/driverlib/MSP430F5xx_6xx" --include_path="C:/ti/ccs910/ccs/tools/compiler/ti-cgt-msp430_19.6.0.STS/include" --advice:power=all --define=__MSP430F5529__ -g --printf_support=minimal --diag_warning=225 --diag_wrap=off --display_error_number --silicon_errata=CPU21 --silicon_errata=CPU22 --silicon_errata=CPU23 --silicon_errata=CPU40 --preproc_with_compile --preproc_dependency="driverlib/MSP430F5xx_6xx/timer_b.d_raw" --obj_directory="driverlib/MSP430F5xx_6xx"  "../driverlib/MSP430F5xx_6xx/timer_b.c"
Finished building: "../driverlib/MSP430F5xx_6xx/timer_b.c"
 
Building file: "../driverlib/MSP430F5xx_6xx/tlv.c"
Invoking: MSP430 Compiler
"C:/ti/ccs910/ccs/tools/compiler/ti-cgt-msp430_19.6.0.STS/bin/cl430" -vmspx --code_model=large --data_model=restricted --near_data=none --use_hw_mpy=F5 --include_path="C:/ti/ccs910/ccs/ccs_base/msp430/include" --include_path="D:/Current Works/MSP430F5529/MSP430F5529LP_Examples/EXTI+LPM" --include_path="D:/Current Works/MSP430F5529/MSP430F5529LP_Examples/EXTI+LPM/driverlib/MSP430F5xx_6xx" --include_path="C:/ti/ccs910/ccs/tools/compiler/ti-cgt-msp430_19.6.0.STS/include" --advice:power=all --define=__MSP430F5529__ -g --printf_support=minimal --diag_warning=225 --diag_wrap=off --display_error_number --silicon_errata=CPU21 --silicon_errata=CPU22 --silicon_errata=CPU23 --silicon_errata=CPU40 --preproc_with_compile --preproc_dependency="driverlib/MSP430F5xx_6xx/tlv.d_raw" --obj_directory="driverlib/MSP430F5xx_6xx"  "../driverlib/MSP430F5xx_6xx/tlv.c"
Finished building: "../driverlib/MSP430F5xx_6xx/tlv.c"
 
Building file: "../driverlib/MSP430F5xx_6xx/usci_a_spi.c"
Invoking: MSP430 Compiler
"C:/ti/ccs910/ccs/tools/compiler/ti-cgt-msp430_19.6.0.STS/bin/cl430" -vmspx --code_model=large --data_model=restricted --near_data=none --use_hw_mpy=F5 --include_path="C:/ti/ccs910/ccs/ccs_base/msp430/include" --include_path="D:/Current Works/MSP430F5529/MSP430F5529LP_Examples/EXTI+LPM" --include_path="D:/Current Works/MSP430F5529/MSP430F5529LP_Examples/EXTI+LPM/driverlib/MSP430F5xx_6xx" --include_path="C:/ti/ccs910/ccs/tools/compiler/ti-cgt-msp430_19.6.0.STS/include" --advice:power=all --define=__MSP430F5529__ -g --printf_support=minimal --diag_warning=225 --diag_wrap=off --display_error_number --silicon_errata=CPU21 --silicon_errata=CPU22 --silicon_errata=CPU23 --silicon_errata=CPU40 --preproc_with_compile --preproc_dependency="driverlib/MSP430F5xx_6xx/usci_a_spi.d_raw" --obj_directory="driverlib/MSP430F5xx_6xx"  "../driverlib/MSP430F5xx_6xx/usci_a_spi.c"
Finished building: "../driverlib/MSP430F5xx_6xx/usci_a_spi.c"
 
Building file: "../driverlib/MSP430F5xx_6xx/ucs.c"
Invoking: MSP430 Compiler
"C:/ti/ccs910/ccs/tools/compiler/ti-cgt-msp430_19.6.0.STS/bin/cl430" -vmspx --code_model=large --data_model=restricted --near_data=none --use_hw_mpy=F5 --include_path="C:/ti/ccs910/ccs/ccs_base/msp430/include" --include_path="D:/Current Works/MSP430F5529/MSP430F5529LP_Examples/EXTI+LPM" --include_path="D:/Current Works/MSP430F5529/MSP430F5529LP_Examples/EXTI+LPM/driverlib/MSP430F5xx_6xx" --include_path="C:/ti/ccs910/ccs/tools/compiler/ti-cgt-msp430_19.6.0.STS/include" --advice:power=all --define=__MSP430F5529__ -g --printf_support=minimal --diag_warning=225 --diag_wrap=off --display_error_number --silicon_errata=CPU21 --silicon_errata=CPU22 --silicon_errata=CPU23 --silicon_errata=CPU40 --preproc_with_compile --preproc_dependency="driverlib/MSP430F5xx_6xx/ucs.d_raw" --obj_directory="driverlib/MSP430F5xx_6xx"  "../driverlib/MSP430F5xx_6xx/ucs.c"
"../driverlib/MSP430F5xx_6xx/usci_a_spi.c", line 68: remark #1530-D: (ULP 5.1) Detected divide operation(s). Recommend moving them to RAM during run time or not using as these are processing/power intensive
"../driverlib/MSP430F5xx_6xx/usci_a_spi.c", line 98: remark #1530-D: (ULP 5.1) Detected divide operation(s). Recommend moving them to RAM during run time or not using as these are processing/power intensive
"../driverlib/MSP430F5xx_6xx/ucs.c", line 171: remark #1530-D: (ULP 5.1) Detected divide operation(s). Recommend moving them to RAM during run time or not using as these are processing/power intensive
"../driverlib/MSP430F5xx_6xx/ucs.c", line 177: remark #1544-D: (ULP 13.1) Detected loop counting up. Recommend loops count down as detecting zeros is easier
"../driverlib/MSP430F5xx_6xx/ucs.c", line 194: remark #1544-D: (ULP 13.1) Detected loop counting up. Recommend loops count down as detecting zeros is easier
"../driverlib/MSP430F5xx_6xx/ucs.c", line 200: remark #1530-D: (ULP 5.1) Detected divide operation(s). Recommend moving them to RAM during run time or not using as these are processing/power intensive
"../driverlib/MSP430F5xx_6xx/ucs.c", line 229: remark #1530-D: (ULP 5.1) Detected divide operation(s). Recommend moving them to RAM during run time or not using as these are processing/power intensive
"../driverlib/MSP430F5xx_6xx/ucs.c", line 233: remark #1530-D: (ULP 5.1) Detected divide operation(s). Recommend moving them to RAM during run time or not using as these are processing/power intensive
"../driverlib/MSP430F5xx_6xx/ucs.c", line 237: remark #1530-D: (ULP 5.1) Detected divide operation(s). Recommend moving them to RAM during run time or not using as these are processing/power intensive
"../driverlib/MSP430F5xx_6xx/ucs.c", line 254: remark #1530-D: (ULP 5.1) Detected divide operation(s). Recommend moving them to RAM during run time or not using as these are processing/power intensive
Finished building: "../driverlib/MSP430F5xx_6xx/ucs.c"
 
Building file: "../driverlib/MSP430F5xx_6xx/usci_a_uart.c"
Invoking: MSP430 Compiler
"C:/ti/ccs910/ccs/tools/compiler/ti-cgt-msp430_19.6.0.STS/bin/cl430" -vmspx --code_model=large --data_model=restricted --near_data=none --use_hw_mpy=F5 --include_path="C:/ti/ccs910/ccs/ccs_base/msp430/include" --include_path="D:/Current Works/MSP430F5529/MSP430F5529LP_Examples/EXTI+LPM" --include_path="D:/Current Works/MSP430F5529/MSP430F5529LP_Examples/EXTI+LPM/driverlib/MSP430F5xx_6xx" --include_path="C:/ti/ccs910/ccs/tools/compiler/ti-cgt-msp430_19.6.0.STS/include" --advice:power=all --define=__MSP430F5529__ -g --printf_support=minimal --diag_warning=225 --diag_wrap=off --display_error_number --silicon_errata=CPU21 --silicon_errata=CPU22 --silicon_errata=CPU23 --silicon_errata=CPU40 --preproc_with_compile --preproc_dependency="driverlib/MSP430F5xx_6xx/usci_a_uart.d_raw" --obj_directory="driverlib/MSP430F5xx_6xx"  "../driverlib/MSP430F5xx_6xx/usci_a_uart.c"
"../driverlib/MSP430F5xx_6xx/usci_a_uart.c", line 54: remark #1535-D: (ULP 8.1) variable "retVal" is used as a constant. Recommend declaring variable as either 'static const' or 'const'
"../driverlib/MSP430F5xx_6xx/usci_a_uart.c", line 119: remark #1528-D: (ULP 3.1) Detected flag polling using UCTXIFG. Recommend using an interrupt combined with enter LPMx and ISR
"../driverlib/MSP430F5xx_6xx/usci_a_uart.c", line 130: remark #1528-D: (ULP 3.1) Detected flag polling using UCRXIFG. Recommend using an interrupt combined with enter LPMx and ISR
"../driverlib/MSP430F5xx_6xx/usci_a_uart.c", line 235: remark #1528-D: (ULP 3.1) Detected flag polling using UCTXIFG. Recommend using an interrupt combined with enter LPMx and ISR
Finished building: "../driverlib/MSP430F5xx_6xx/usci_a_uart.c"
 
Building file: "../driverlib/MSP430F5xx_6xx/usci_b_i2c.c"
Invoking: MSP430 Compiler
"C:/ti/ccs910/ccs/tools/compiler/ti-cgt-msp430_19.6.0.STS/bin/cl430" -vmspx --code_model=large --data_model=restricted --near_data=none --use_hw_mpy=F5 --include_path="C:/ti/ccs910/ccs/ccs_base/msp430/include" --include_path="D:/Current Works/MSP430F5529/MSP430F5529LP_Examples/EXTI+LPM" --include_path="D:/Current Works/MSP430F5529/MSP430F5529LP_Examples/EXTI+LPM/driverlib/MSP430F5xx_6xx" --include_path="C:/ti/ccs910/ccs/tools/compiler/ti-cgt-msp430_19.6.0.STS/include" --advice:power=all --define=__MSP430F5529__ -g --printf_support=minimal --diag_warning=225 --diag_wrap=off --display_error_number --silicon_errata=CPU21 --silicon_errata=CPU22 --silicon_errata=CPU23 --silicon_errata=CPU40 --preproc_with_compile --preproc_dependency="driverlib/MSP430F5xx_6xx/usci_b_i2c.d_raw" --obj_directory="driverlib/MSP430F5xx_6xx"  "../driverlib/MSP430F5xx_6xx/usci_b_i2c.c"
"../driverlib/MSP430F5xx_6xx/usci_b_i2c.c", line 76: remark #1530-D: (ULP 5.1) Detected divide operation(s). Recommend moving them to RAM during run time or not using as these are processing/power intensive
"../driverlib/MSP430F5xx_6xx/usci_b_i2c.c", line 217: remark #1528-D: (ULP 3.1) Detected flag polling using UCTXIFG. Recommend using an interrupt combined with enter LPMx and ISR
"../driverlib/MSP430F5xx_6xx/usci_b_i2c.c", line 223: remark #1528-D: (ULP 3.1) Detected flag polling using UCTXIFG. Recommend using an interrupt combined with enter LPMx and ISR
"../driverlib/MSP430F5xx_6xx/usci_b_i2c.c", line 253: remark #1528-D: (ULP 3.1) Detected flag polling using UCTXIFG. Recommend using an interrupt combined with enter LPMx and ISR
"../driverlib/MSP430F5xx_6xx/usci_b_i2c.c", line 264: remark #1528-D: (ULP 3.1) Detected flag polling using UCTXIFG. Recommend using an interrupt combined with enter LPMx and ISR
"../driverlib/MSP430F5xx_6xx/usci_b_i2c.c", line 297: remark #1528-D: (ULP 3.1) Detected flag polling using UCTXIFG. Recommend using an interrupt combined with enter LPMx and ISR
"../driverlib/MSP430F5xx_6xx/usci_b_i2c.c", line 321: remark #1528-D: (ULP 3.1) Detected flag polling using UCTXIFG. Recommend using an interrupt combined with enter LPMx and ISR
"../driverlib/MSP430F5xx_6xx/usci_b_i2c.c", line 344: remark #1528-D: (ULP 3.1) Detected flag polling using UCTXIFG. Recommend using an interrupt combined with enter LPMx and ISR
"../driverlib/MSP430F5xx_6xx/usci_b_i2c.c", line 359: remark #1528-D: (ULP 3.1) Detected flag polling using UCTXIFG. Recommend using an interrupt combined with enter LPMx and ISR
"../driverlib/MSP430F5xx_6xx/usci_b_i2c.c", line 380: remark #1528-D: (ULP 3.1) Detected flag polling using UCTXIFG. Recommend using an interrupt combined with enter LPMx and ISR
"../driverlib/MSP430F5xx_6xx/usci_b_i2c.c", line 387: remark #1528-D: (ULP 3.1) Detected flag polling using UCTXIFG. Recommend using an interrupt combined with enter LPMx and ISR
"../driverlib/MSP430F5xx_6xx/usci_b_i2c.c", line 403: remark #1528-D: (ULP 3.1) Detected flag polling using UCTXIFG. Recommend using an interrupt combined with enter LPMx and ISR
"../driverlib/MSP430F5xx_6xx/usci_b_i2c.c", line 415: remark #1528-D: (ULP 3.1) Detected flag polling using UCTXIFG. Recommend using an interrupt combined with enter LPMx and ISR
"../driverlib/MSP430F5xx_6xx/usci_b_i2c.c", line 433: remark #1528-D: (ULP 3.1) Detected flag polling using UCTXIFG. Recommend using an interrupt combined with enter LPMx and ISR
"../driverlib/MSP430F5xx_6xx/usci_b_i2c.c", line 446: remark #1528-D: (ULP 3.1) Detected flag polling using UCTXIFG. Recommend using an interrupt combined with enter LPMx and ISR
"../driverlib/MSP430F5xx_6xx/usci_b_i2c.c", line 488: remark #1528-D: (ULP 3.1) Detected flag polling using UCRXIFG. Recommend using an interrupt combined with enter LPMx and ISR
"../driverlib/MSP430F5xx_6xx/usci_b_i2c.c", line 485: remark #1527-D: (ULP 2.1) Detected SW delay loop using empty loop. Recommend using a timer module instead
"../driverlib/MSP430F5xx_6xx/usci_b_i2c.c", line 516: remark #1528-D: (ULP 3.1) Detected flag polling using UCRXIFG. Recommend using an interrupt combined with enter LPMx and ISR
"../driverlib/MSP430F5xx_6xx/usci_b_i2c.c", line 508: remark #1527-D: (ULP 2.1) Detected SW delay loop using empty loop. Recommend using a timer module instead
"../driverlib/MSP430F5xx_6xx/usci_b_i2c.c", line 550: remark #1527-D: (ULP 2.1) Detected SW delay loop using empty loop. Recommend using a timer module instead
"../driverlib/MSP430F5xx_6xx/usci_b_i2c.c", line 579: remark #1527-D: (ULP 2.1) Detected SW delay loop using empty loop. Recommend using a timer module instead
"../driverlib/MSP430F5xx_6xx/usci_b_i2c.c", line 599: remark #1528-D: (ULP 3.1) Detected flag polling using UCRXIFG. Recommend using an interrupt combined with enter LPMx and ISR
Finished building: "../driverlib/MSP430F5xx_6xx/usci_b_i2c.c"
 
Building file: "../driverlib/MSP430F5xx_6xx/usci_b_spi.c"
Invoking: MSP430 Compiler
"C:/ti/ccs910/ccs/tools/compiler/ti-cgt-msp430_19.6.0.STS/bin/cl430" -vmspx --code_model=large --data_model=restricted --near_data=none --use_hw_mpy=F5 --include_path="C:/ti/ccs910/ccs/ccs_base/msp430/include" --include_path="D:/Current Works/MSP430F5529/MSP430F5529LP_Examples/EXTI+LPM" --include_path="D:/Current Works/MSP430F5529/MSP430F5529LP_Examples/EXTI+LPM/driverlib/MSP430F5xx_6xx" --include_path="C:/ti/ccs910/ccs/tools/compiler/ti-cgt-msp430_19.6.0.STS/include" --advice:power=all --define=__MSP430F5529__ -g --printf_support=minimal --diag_warning=225 --diag_wrap=off --display_error_number --silicon_errata=CPU21 --silicon_errata=CPU22 --silicon_errata=CPU23 --silicon_errata=CPU40 --preproc_with_compile --preproc_dependency="driverlib/MSP430F5xx_6xx/usci_b_spi.d_raw" --obj_directory="driverlib/MSP430F5xx_6xx"  "../driverlib/MSP430F5xx_6xx/usci_b_spi.c"
Finished building: "../driverlib/MSP430F5xx_6xx/usci_b_spi.c"
 
Building file: "../driverlib/MSP430F5xx_6xx/wdt_a.c"
Invoking: MSP430 Compiler
"C:/ti/ccs910/ccs/tools/compiler/ti-cgt-msp430_19.6.0.STS/bin/cl430" -vmspx --code_model=large --data_model=restricted --near_data=none --use_hw_mpy=F5 --include_path="C:/ti/ccs910/ccs/ccs_base/msp430/include" --include_path="D:/Current Works/MSP430F5529/MSP430F5529LP_Examples/EXTI+LPM" --include_path="D:/Current Works/MSP430F5529/MSP430F5529LP_Examples/EXTI+LPM/driverlib/MSP430F5xx_6xx" --include_path="C:/ti/ccs910/ccs/tools/compiler/ti-cgt-msp430_19.6.0.STS/include" --advice:power=all --define=__MSP430F5529__ -g --printf_support=minimal --diag_warning=225 --diag_wrap=off --display_error_number --silicon_errata=CPU21 --silicon_errata=CPU22 --silicon_errata=CPU23 --silicon_errata=CPU40 --preproc_with_compile --preproc_dependency="driverlib/MSP430F5xx_6xx/wdt_a.d_raw" --obj_directory="driverlib/MSP430F5xx_6xx"  "../driverlib/MSP430F5xx_6xx/wdt_a.c"
"../driverlib/MSP430F5xx_6xx/usci_b_spi.c", line 68: remark #1530-D: (ULP 5.1) Detected divide operation(s). Recommend moving them to RAM during run time or not using as these are processing/power intensive
"../driverlib/MSP430F5xx_6xx/usci_b_spi.c", line 96: remark #1530-D: (ULP 5.1) Detected divide operation(s). Recommend moving them to RAM during run time or not using as these are processing/power intensive
Finished building: "../driverlib/MSP430F5xx_6xx/wdt_a.c"
 
Building target: "EXTI+LPM.out"
Invoking: MSP430 Linker
"C:/ti/ccs910/ccs/tools/compiler/ti-cgt-msp430_19.6.0.STS/bin/cl430" -vmspx --code_model=large --data_model=restricted --near_data=none --use_hw_mpy=F5 --advice:power=all --define=__MSP430F5529__ -g --printf_support=minimal --diag_warning=225 --diag_wrap=off --display_error_number --silicon_errata=CPU21 --silicon_errata=CPU22 --silicon_errata=CPU23 --silicon_errata=CPU40 -z -m"EXTI+LPM.map" --heap_size=160 --stack_size=160 --cinit_hold_wdt=on -i"C:/ti/ccs910/ccs/ccs_base/msp430/include" -i"C:/ti/ccs910/ccs/ccs_base/msp430/lib/5xx_6xx_FRxx" -i"C:/ti/ccs910/ccs/tools/compiler/ti-cgt-msp430_19.6.0.STS/lib" -i"C:/ti/ccs910/ccs/tools/compiler/ti-cgt-msp430_19.6.0.STS/include" --reread_libs --diag_wrap=off --display_error_number --warn_sections --xml_link_info="EXTI+LPM_linkInfo.xml" --use_hw_mpy=F5 --rom_model -o "EXTI+LPM.out" "./main.obj" "./driverlib/MSP430F5xx_6xx/adc10_a.obj" "./driverlib/MSP430F5xx_6xx/adc12_a.obj" "./driverlib/MSP430F5xx_6xx/aes.obj" "./driverlib/MSP430F5xx_6xx/battbak.obj" "./driverlib/MSP430F5xx_6xx/comp_b.obj" "./driverlib/MSP430F5xx_6xx/crc.obj" "./driverlib/MSP430F5xx_6xx/ctsd16.obj" "./driverlib/MSP430F5xx_6xx/dac12_a.obj" "./driverlib/MSP430F5xx_6xx/dma.obj" "./driverlib/MSP430F5xx_6xx/eusci_a_spi.obj" "./driverlib/MSP430F5xx_6xx/eusci_a_uart.obj" "./driverlib/MSP430F5xx_6xx/eusci_b_i2c.obj" "./driverlib/MSP430F5xx_6xx/eusci_b_spi.obj" "./driverlib/MSP430F5xx_6xx/flashctl.obj" "./driverlib/MSP430F5xx_6xx/gpio.obj" "./driverlib/MSP430F5xx_6xx/lcd_b.obj" "./driverlib/MSP430F5xx_6xx/lcd_c.obj" "./driverlib/MSP430F5xx_6xx/ldopwr.obj" "./driverlib/MSP430F5xx_6xx/mpy32.obj" "./driverlib/MSP430F5xx_6xx/oa.obj" "./driverlib/MSP430F5xx_6xx/pmap.obj" "./driverlib/MSP430F5xx_6xx/pmm.obj" "./driverlib/MSP430F5xx_6xx/ram.obj" "./driverlib/MSP430F5xx_6xx/ref.obj" "./driverlib/MSP430F5xx_6xx/rtc_a.obj" "./driverlib/MSP430F5xx_6xx/rtc_b.obj" "./driverlib/MSP430F5xx_6xx/rtc_c.obj" "./driverlib/MSP430F5xx_6xx/sd24_b.obj" "./driverlib/MSP430F5xx_6xx/sfr.obj" "./driverlib/MSP430F5xx_6xx/sysctl.obj" "./driverlib/MSP430F5xx_6xx/tec.obj" "./driverlib/MSP430F5xx_6xx/timer_a.obj" "./driverlib/MSP430F5xx_6xx/timer_b.obj" "./driverlib/MSP430F5xx_6xx/timer_d.obj" "./driverlib/MSP430F5xx_6xx/tlv.obj" "./driverlib/MSP430F5xx_6xx/ucs.obj" "./driverlib/MSP430F5xx_6xx/usci_a_spi.obj" "./driverlib/MSP430F5xx_6xx/usci_a_uart.obj" "./driverlib/MSP430F5xx_6xx/usci_b_i2c.obj" "./driverlib/MSP430F5xx_6xx/usci_b_spi.obj" "./driverlib/MSP430F5xx_6xx/wdt_a.obj" "../lnk_msp430f5529.cmd"  -llibmath.a -llibc.a 
<Linking>
remark #10372-D: (ULP 4.1) Detected uninitialized Port A in this project. Recommend initializing all unused ports to eliminate wasted current consumption on unused pins.
remark #10372-D: (ULP 4.1) Detected uninitialized Port B in this project. Recommend initializing all unused ports to eliminate wasted current consumption on unused pins.
remark #10372-D: (ULP 4.1) Detected uninitialized Port C in this project. Recommend initializing all unused ports to eliminate wasted current consumption on unused pins.
remark #10372-D: (ULP 4.1) Detected uninitialized Port D in this project. Recommend initializing all unused ports to eliminate wasted current consumption on unused pins.
Finished building target: "EXTI+LPM.out"
 
Building files: "EXTI+LPM.out"
Invoking: MSP430 Hex Utility
"C:/ti/ccs910/ccs/tools/compiler/ti-cgt-msp430_19.6.0.STS/bin/hex430" --memwidth=8 --romwidth=8 --intel -o "EXTI+LPM.hex"  "EXTI+LPM.out" 
Translating to Intel format...
   "EXTI+LPM.out" .text:_isr ==> .text:_isr
   "EXTI+LPM.out" .const ==> .const
   "EXTI+LPM.out" .cinit ==> .cinit
   "EXTI+LPM.out" RTC ==> RTC
   "EXTI+LPM.out" PORT2 ==> PORT2
   "EXTI+LPM.out" TIMER2_A1 ==> TIMER2_A1
   "EXTI+LPM.out" TIMER2_A0 ==> TIMER2_A0
   "EXTI+LPM.out" USCI_B1 ==> USCI_B1
   "EXTI+LPM.out" USCI_A1 ==> USCI_A1
   "EXTI+LPM.out" PORT1 ==> PORT1
   "EXTI+LPM.out" TIMER1_A1 ==> TIMER1_A1
   "EXTI+LPM.out" TIMER1_A0 ==> TIMER1_A0
   "EXTI+LPM.out" DMA ==> DMA
   "EXTI+LPM.out" USB_UBM ==> USB_UBM
   "EXTI+LPM.out" TIMER0_A1 ==> TIMER0_A1
   "EXTI+LPM.out" TIMER0_A0 ==> TIMER0_A0
   "EXTI+LPM.out" ADC12 ==> ADC12
   "EXTI+LPM.out" USCI_B0 ==> USCI_B0
   "EXTI+LPM.out" USCI_A0 ==> USCI_A0
   "EXTI+LPM.out" WDT ==> WDT
   "EXTI+LPM.out" TIMER0_B1 ==> TIMER0_B1
   "EXTI+LPM.out" TIMER0_B0 ==> TIMER0_B0
   "EXTI+LPM.out" COMP_B ==> COMP_B
   "EXTI+LPM.out" UNMI ==> UNMI
   "EXTI+LPM.out" SYSNMI ==> SYSNMI
   "EXTI+LPM.out" .reset ==> .reset
   "EXTI+LPM.out" .text ==> .text
Finished building: "EXTI+LPM.out"
 

**** Build Finished ****
