
**** Build of configuration Debug for project H7_Mouse ****

"C:\\ti\\ccs910\\ccs\\utils\\bin\\gmake" -k -j 4 all -O 
 
Building file: "../system_pre_init.c"
Invoking: MSP430 Compiler
"C:/ti/ccs910/ccs/tools/compiler/ti-cgt-msp430_19.6.0.STS/bin/cl430" -vmspx --data_model=restricted -O3 --use_hw_mpy=F5 --include_path="C:/ti/ccs910/ccs/ccs_base/msp430/include" --include_path="D:/Current Works/MSP430F5529/MSP430F5529LP_Examples/H7_Mouse" --include_path="D:/Current Works/MSP430F5529/MSP430F5529LP_Examples/H7_Mouse/driverlib/MSP430F5xx_6xx" --include_path="D:/Current Works/MSP430F5529/MSP430F5529LP_Examples/H7_Mouse/USB_config" --include_path="C:/ti/ccs910/ccs/tools/compiler/ti-cgt-msp430_19.6.0.STS/include" --advice:power="none" --define=__MSP430F5529__ --define=DEPRECATED -g --printf_support=minimal --diag_warning=225 --diag_wrap=off --display_error_number --silicon_errata=CPU21 --silicon_errata=CPU22 --silicon_errata=CPU23 --silicon_errata=CPU40 --preproc_with_compile --preproc_dependency="system_pre_init.d_raw"  "../system_pre_init.c"
Finished building: "../system_pre_init.c"
 
Building file: "../USB_API/USB_CDC_API/UsbCdc.c"
Invoking: MSP430 Compiler
"C:/ti/ccs910/ccs/tools/compiler/ti-cgt-msp430_19.6.0.STS/bin/cl430" -vmspx --data_model=restricted -O3 --use_hw_mpy=F5 --include_path="C:/ti/ccs910/ccs/ccs_base/msp430/include" --include_path="D:/Current Works/MSP430F5529/MSP430F5529LP_Examples/H7_Mouse" --include_path="D:/Current Works/MSP430F5529/MSP430F5529LP_Examples/H7_Mouse/driverlib/MSP430F5xx_6xx" --include_path="D:/Current Works/MSP430F5529/MSP430F5529LP_Examples/H7_Mouse/USB_config" --include_path="C:/ti/ccs910/ccs/tools/compiler/ti-cgt-msp430_19.6.0.STS/include" --advice:power="none" --define=__MSP430F5529__ --define=DEPRECATED -g --printf_support=minimal --diag_warning=225 --diag_wrap=off --display_error_number --silicon_errata=CPU21 --silicon_errata=CPU22 --silicon_errata=CPU23 --silicon_errata=CPU40 --preproc_with_compile --preproc_dependency="USB_API/USB_CDC_API/UsbCdc.d_raw" --obj_directory="USB_API/USB_CDC_API"  "../USB_API/USB_CDC_API/UsbCdc.c"
Finished building: "../USB_API/USB_CDC_API/UsbCdc.c"
 
Building file: "../hal.c"
Invoking: MSP430 Compiler
"C:/ti/ccs910/ccs/tools/compiler/ti-cgt-msp430_19.6.0.STS/bin/cl430" -vmspx --data_model=restricted -O3 --use_hw_mpy=F5 --include_path="C:/ti/ccs910/ccs/ccs_base/msp430/include" --include_path="D:/Current Works/MSP430F5529/MSP430F5529LP_Examples/H7_Mouse" --include_path="D:/Current Works/MSP430F5529/MSP430F5529LP_Examples/H7_Mouse/driverlib/MSP430F5xx_6xx" --include_path="D:/Current Works/MSP430F5529/MSP430F5529LP_Examples/H7_Mouse/USB_config" --include_path="C:/ti/ccs910/ccs/tools/compiler/ti-cgt-msp430_19.6.0.STS/include" --advice:power="none" --define=__MSP430F5529__ --define=DEPRECATED -g --printf_support=minimal --diag_warning=225 --diag_wrap=off --display_error_number --silicon_errata=CPU21 --silicon_errata=CPU22 --silicon_errata=CPU23 --silicon_errata=CPU40 --preproc_with_compile --preproc_dependency="hal.d_raw"  "../hal.c"
Finished building: "../hal.c"
 
Building file: "../main.c"
Invoking: MSP430 Compiler
"C:/ti/ccs910/ccs/tools/compiler/ti-cgt-msp430_19.6.0.STS/bin/cl430" -vmspx --data_model=restricted -O3 --use_hw_mpy=F5 --include_path="C:/ti/ccs910/ccs/ccs_base/msp430/include" --include_path="D:/Current Works/MSP430F5529/MSP430F5529LP_Examples/H7_Mouse" --include_path="D:/Current Works/MSP430F5529/MSP430F5529LP_Examples/H7_Mouse/driverlib/MSP430F5xx_6xx" --include_path="D:/Current Works/MSP430F5529/MSP430F5529LP_Examples/H7_Mouse/USB_config" --include_path="C:/ti/ccs910/ccs/tools/compiler/ti-cgt-msp430_19.6.0.STS/include" --advice:power="none" --define=__MSP430F5529__ --define=DEPRECATED -g --printf_support=minimal --diag_warning=225 --diag_wrap=off --display_error_number --silicon_errata=CPU21 --silicon_errata=CPU22 --silicon_errata=CPU23 --silicon_errata=CPU40 --preproc_with_compile --preproc_dependency="main.d_raw"  "../main.c"
Finished building: "../main.c"
 
Building file: "../USB_API/USB_Common/usbdma.c"
Invoking: MSP430 Compiler
"C:/ti/ccs910/ccs/tools/compiler/ti-cgt-msp430_19.6.0.STS/bin/cl430" -vmspx --data_model=restricted -O3 --use_hw_mpy=F5 --include_path="C:/ti/ccs910/ccs/ccs_base/msp430/include" --include_path="D:/Current Works/MSP430F5529/MSP430F5529LP_Examples/H7_Mouse" --include_path="D:/Current Works/MSP430F5529/MSP430F5529LP_Examples/H7_Mouse/driverlib/MSP430F5xx_6xx" --include_path="D:/Current Works/MSP430F5529/MSP430F5529LP_Examples/H7_Mouse/USB_config" --include_path="C:/ti/ccs910/ccs/tools/compiler/ti-cgt-msp430_19.6.0.STS/include" --advice:power="none" --define=__MSP430F5529__ --define=DEPRECATED -g --printf_support=minimal --diag_warning=225 --diag_wrap=off --display_error_number --silicon_errata=CPU21 --silicon_errata=CPU22 --silicon_errata=CPU23 --silicon_errata=CPU40 --preproc_with_compile --preproc_dependency="USB_API/USB_Common/usbdma.d_raw" --obj_directory="USB_API/USB_Common"  "../USB_API/USB_Common/usbdma.c"
Finished building: "../USB_API/USB_Common/usbdma.c"
 
Building file: "../USB_API/USB_HID_API/UsbHid.c"
Invoking: MSP430 Compiler
"C:/ti/ccs910/ccs/tools/compiler/ti-cgt-msp430_19.6.0.STS/bin/cl430" -vmspx --data_model=restricted -O3 --use_hw_mpy=F5 --include_path="C:/ti/ccs910/ccs/ccs_base/msp430/include" --include_path="D:/Current Works/MSP430F5529/MSP430F5529LP_Examples/H7_Mouse" --include_path="D:/Current Works/MSP430F5529/MSP430F5529LP_Examples/H7_Mouse/driverlib/MSP430F5xx_6xx" --include_path="D:/Current Works/MSP430F5529/MSP430F5529LP_Examples/H7_Mouse/USB_config" --include_path="C:/ti/ccs910/ccs/tools/compiler/ti-cgt-msp430_19.6.0.STS/include" --advice:power="none" --define=__MSP430F5529__ --define=DEPRECATED -g --printf_support=minimal --diag_warning=225 --diag_wrap=off --display_error_number --silicon_errata=CPU21 --silicon_errata=CPU22 --silicon_errata=CPU23 --silicon_errata=CPU40 --preproc_with_compile --preproc_dependency="USB_API/USB_HID_API/UsbHid.d_raw" --obj_directory="USB_API/USB_HID_API"  "../USB_API/USB_HID_API/UsbHid.c"
Finished building: "../USB_API/USB_HID_API/UsbHid.c"
 
Building file: "../USB_API/USB_HID_API/UsbHidReq.c"
Invoking: MSP430 Compiler
"C:/ti/ccs910/ccs/tools/compiler/ti-cgt-msp430_19.6.0.STS/bin/cl430" -vmspx --data_model=restricted -O3 --use_hw_mpy=F5 --include_path="C:/ti/ccs910/ccs/ccs_base/msp430/include" --include_path="D:/Current Works/MSP430F5529/MSP430F5529LP_Examples/H7_Mouse" --include_path="D:/Current Works/MSP430F5529/MSP430F5529LP_Examples/H7_Mouse/driverlib/MSP430F5xx_6xx" --include_path="D:/Current Works/MSP430F5529/MSP430F5529LP_Examples/H7_Mouse/USB_config" --include_path="C:/ti/ccs910/ccs/tools/compiler/ti-cgt-msp430_19.6.0.STS/include" --advice:power="none" --define=__MSP430F5529__ --define=DEPRECATED -g --printf_support=minimal --diag_warning=225 --diag_wrap=off --display_error_number --silicon_errata=CPU21 --silicon_errata=CPU22 --silicon_errata=CPU23 --silicon_errata=CPU40 --preproc_with_compile --preproc_dependency="USB_API/USB_HID_API/UsbHidReq.d_raw" --obj_directory="USB_API/USB_HID_API"  "../USB_API/USB_HID_API/UsbHidReq.c"
Finished building: "../USB_API/USB_HID_API/UsbHidReq.c"
 
Building file: "../USB_API/USB_Common/usb.c"
Invoking: MSP430 Compiler
"C:/ti/ccs910/ccs/tools/compiler/ti-cgt-msp430_19.6.0.STS/bin/cl430" -vmspx --data_model=restricted -O3 --use_hw_mpy=F5 --include_path="C:/ti/ccs910/ccs/ccs_base/msp430/include" --include_path="D:/Current Works/MSP430F5529/MSP430F5529LP_Examples/H7_Mouse" --include_path="D:/Current Works/MSP430F5529/MSP430F5529LP_Examples/H7_Mouse/driverlib/MSP430F5xx_6xx" --include_path="D:/Current Works/MSP430F5529/MSP430F5529LP_Examples/H7_Mouse/USB_config" --include_path="C:/ti/ccs910/ccs/tools/compiler/ti-cgt-msp430_19.6.0.STS/include" --advice:power="none" --define=__MSP430F5529__ --define=DEPRECATED -g --printf_support=minimal --diag_warning=225 --diag_wrap=off --display_error_number --silicon_errata=CPU21 --silicon_errata=CPU22 --silicon_errata=CPU23 --silicon_errata=CPU40 --preproc_with_compile --preproc_dependency="USB_API/USB_Common/usb.d_raw" --obj_directory="USB_API/USB_Common"  "../USB_API/USB_Common/usb.c"
Finished building: "../USB_API/USB_Common/usb.c"
 
Building file: "../USB_API/USB_MSC_API/UsbMscScsi.c"
Invoking: MSP430 Compiler
"C:/ti/ccs910/ccs/tools/compiler/ti-cgt-msp430_19.6.0.STS/bin/cl430" -vmspx --data_model=restricted -O3 --use_hw_mpy=F5 --include_path="C:/ti/ccs910/ccs/ccs_base/msp430/include" --include_path="D:/Current Works/MSP430F5529/MSP430F5529LP_Examples/H7_Mouse" --include_path="D:/Current Works/MSP430F5529/MSP430F5529LP_Examples/H7_Mouse/driverlib/MSP430F5xx_6xx" --include_path="D:/Current Works/MSP430F5529/MSP430F5529LP_Examples/H7_Mouse/USB_config" --include_path="C:/ti/ccs910/ccs/tools/compiler/ti-cgt-msp430_19.6.0.STS/include" --advice:power="none" --define=__MSP430F5529__ --define=DEPRECATED -g --printf_support=minimal --diag_warning=225 --diag_wrap=off --display_error_number --silicon_errata=CPU21 --silicon_errata=CPU22 --silicon_errata=CPU23 --silicon_errata=CPU40 --preproc_with_compile --preproc_dependency="USB_API/USB_MSC_API/UsbMscScsi.d_raw" --obj_directory="USB_API/USB_MSC_API"  "../USB_API/USB_MSC_API/UsbMscScsi.c"
Finished building: "../USB_API/USB_MSC_API/UsbMscScsi.c"
 
Building file: "../USB_API/USB_MSC_API/UsbMscReq.c"
Invoking: MSP430 Compiler
"C:/ti/ccs910/ccs/tools/compiler/ti-cgt-msp430_19.6.0.STS/bin/cl430" -vmspx --data_model=restricted -O3 --use_hw_mpy=F5 --include_path="C:/ti/ccs910/ccs/ccs_base/msp430/include" --include_path="D:/Current Works/MSP430F5529/MSP430F5529LP_Examples/H7_Mouse" --include_path="D:/Current Works/MSP430F5529/MSP430F5529LP_Examples/H7_Mouse/driverlib/MSP430F5xx_6xx" --include_path="D:/Current Works/MSP430F5529/MSP430F5529LP_Examples/H7_Mouse/USB_config" --include_path="C:/ti/ccs910/ccs/tools/compiler/ti-cgt-msp430_19.6.0.STS/include" --advice:power="none" --define=__MSP430F5529__ --define=DEPRECATED -g --printf_support=minimal --diag_warning=225 --diag_wrap=off --display_error_number --silicon_errata=CPU21 --silicon_errata=CPU22 --silicon_errata=CPU23 --silicon_errata=CPU40 --preproc_with_compile --preproc_dependency="USB_API/USB_MSC_API/UsbMscReq.d_raw" --obj_directory="USB_API/USB_MSC_API"  "../USB_API/USB_MSC_API/UsbMscReq.c"
Finished building: "../USB_API/USB_MSC_API/UsbMscReq.c"
 
Building file: "../USB_API/USB_MSC_API/UsbMscStateMachine.c"
Invoking: MSP430 Compiler
"C:/ti/ccs910/ccs/tools/compiler/ti-cgt-msp430_19.6.0.STS/bin/cl430" -vmspx --data_model=restricted -O3 --use_hw_mpy=F5 --include_path="C:/ti/ccs910/ccs/ccs_base/msp430/include" --include_path="D:/Current Works/MSP430F5529/MSP430F5529LP_Examples/H7_Mouse" --include_path="D:/Current Works/MSP430F5529/MSP430F5529LP_Examples/H7_Mouse/driverlib/MSP430F5xx_6xx" --include_path="D:/Current Works/MSP430F5529/MSP430F5529LP_Examples/H7_Mouse/USB_config" --include_path="C:/ti/ccs910/ccs/tools/compiler/ti-cgt-msp430_19.6.0.STS/include" --advice:power="none" --define=__MSP430F5529__ --define=DEPRECATED -g --printf_support=minimal --diag_warning=225 --diag_wrap=off --display_error_number --silicon_errata=CPU21 --silicon_errata=CPU22 --silicon_errata=CPU23 --silicon_errata=CPU40 --preproc_with_compile --preproc_dependency="USB_API/USB_MSC_API/UsbMscStateMachine.d_raw" --obj_directory="USB_API/USB_MSC_API"  "../USB_API/USB_MSC_API/UsbMscStateMachine.c"
Finished building: "../USB_API/USB_MSC_API/UsbMscStateMachine.c"
 
Building file: "../USB_API/USB_PHDC_API/UsbPHDC.c"
Invoking: MSP430 Compiler
"C:/ti/ccs910/ccs/tools/compiler/ti-cgt-msp430_19.6.0.STS/bin/cl430" -vmspx --data_model=restricted -O3 --use_hw_mpy=F5 --include_path="C:/ti/ccs910/ccs/ccs_base/msp430/include" --include_path="D:/Current Works/MSP430F5529/MSP430F5529LP_Examples/H7_Mouse" --include_path="D:/Current Works/MSP430F5529/MSP430F5529LP_Examples/H7_Mouse/driverlib/MSP430F5xx_6xx" --include_path="D:/Current Works/MSP430F5529/MSP430F5529LP_Examples/H7_Mouse/USB_config" --include_path="C:/ti/ccs910/ccs/tools/compiler/ti-cgt-msp430_19.6.0.STS/include" --advice:power="none" --define=__MSP430F5529__ --define=DEPRECATED -g --printf_support=minimal --diag_warning=225 --diag_wrap=off --display_error_number --silicon_errata=CPU21 --silicon_errata=CPU22 --silicon_errata=CPU23 --silicon_errata=CPU40 --preproc_with_compile --preproc_dependency="USB_API/USB_PHDC_API/UsbPHDC.d_raw" --obj_directory="USB_API/USB_PHDC_API"  "../USB_API/USB_PHDC_API/UsbPHDC.c"
Finished building: "../USB_API/USB_PHDC_API/UsbPHDC.c"
 
Building file: "../USB_app/usbEventHandling.c"
Invoking: MSP430 Compiler
"C:/ti/ccs910/ccs/tools/compiler/ti-cgt-msp430_19.6.0.STS/bin/cl430" -vmspx --data_model=restricted -O3 --use_hw_mpy=F5 --include_path="C:/ti/ccs910/ccs/ccs_base/msp430/include" --include_path="D:/Current Works/MSP430F5529/MSP430F5529LP_Examples/H7_Mouse" --include_path="D:/Current Works/MSP430F5529/MSP430F5529LP_Examples/H7_Mouse/driverlib/MSP430F5xx_6xx" --include_path="D:/Current Works/MSP430F5529/MSP430F5529LP_Examples/H7_Mouse/USB_config" --include_path="C:/ti/ccs910/ccs/tools/compiler/ti-cgt-msp430_19.6.0.STS/include" --advice:power="none" --define=__MSP430F5529__ --define=DEPRECATED -g --printf_support=minimal --diag_warning=225 --diag_wrap=off --display_error_number --silicon_errata=CPU21 --silicon_errata=CPU22 --silicon_errata=CPU23 --silicon_errata=CPU40 --preproc_with_compile --preproc_dependency="USB_app/usbEventHandling.d_raw" --obj_directory="USB_app"  "../USB_app/usbEventHandling.c"
Finished building: "../USB_app/usbEventHandling.c"
 
Building file: "../USB_config/descriptors.c"
Invoking: MSP430 Compiler
"C:/ti/ccs910/ccs/tools/compiler/ti-cgt-msp430_19.6.0.STS/bin/cl430" -vmspx --data_model=restricted -O3 --use_hw_mpy=F5 --include_path="C:/ti/ccs910/ccs/ccs_base/msp430/include" --include_path="D:/Current Works/MSP430F5529/MSP430F5529LP_Examples/H7_Mouse" --include_path="D:/Current Works/MSP430F5529/MSP430F5529LP_Examples/H7_Mouse/driverlib/MSP430F5xx_6xx" --include_path="D:/Current Works/MSP430F5529/MSP430F5529LP_Examples/H7_Mouse/USB_config" --include_path="C:/ti/ccs910/ccs/tools/compiler/ti-cgt-msp430_19.6.0.STS/include" --advice:power="none" --define=__MSP430F5529__ --define=DEPRECATED -g --printf_support=minimal --diag_warning=225 --diag_wrap=off --display_error_number --silicon_errata=CPU21 --silicon_errata=CPU22 --silicon_errata=CPU23 --silicon_errata=CPU40 --preproc_with_compile --preproc_dependency="USB_config/descriptors.d_raw" --obj_directory="USB_config"  "../USB_config/descriptors.c"
Finished building: "../USB_config/descriptors.c"
 
Building file: "../USB_config/UsbIsr.c"
Invoking: MSP430 Compiler
"C:/ti/ccs910/ccs/tools/compiler/ti-cgt-msp430_19.6.0.STS/bin/cl430" -vmspx --data_model=restricted -O3 --use_hw_mpy=F5 --include_path="C:/ti/ccs910/ccs/ccs_base/msp430/include" --include_path="D:/Current Works/MSP430F5529/MSP430F5529LP_Examples/H7_Mouse" --include_path="D:/Current Works/MSP430F5529/MSP430F5529LP_Examples/H7_Mouse/driverlib/MSP430F5xx_6xx" --include_path="D:/Current Works/MSP430F5529/MSP430F5529LP_Examples/H7_Mouse/USB_config" --include_path="C:/ti/ccs910/ccs/tools/compiler/ti-cgt-msp430_19.6.0.STS/include" --advice:power="none" --define=__MSP430F5529__ --define=DEPRECATED -g --printf_support=minimal --diag_warning=225 --diag_wrap=off --display_error_number --silicon_errata=CPU21 --silicon_errata=CPU22 --silicon_errata=CPU23 --silicon_errata=CPU40 --preproc_with_compile --preproc_dependency="USB_config/UsbIsr.d_raw" --obj_directory="USB_config"  "../USB_config/UsbIsr.c"
Finished building: "../USB_config/UsbIsr.c"
 
Building file: "../driverlib/MSP430F5xx_6xx/adc10_a.c"
Invoking: MSP430 Compiler
"C:/ti/ccs910/ccs/tools/compiler/ti-cgt-msp430_19.6.0.STS/bin/cl430" -vmspx --data_model=restricted -O3 --use_hw_mpy=F5 --include_path="C:/ti/ccs910/ccs/ccs_base/msp430/include" --include_path="D:/Current Works/MSP430F5529/MSP430F5529LP_Examples/H7_Mouse" --include_path="D:/Current Works/MSP430F5529/MSP430F5529LP_Examples/H7_Mouse/driverlib/MSP430F5xx_6xx" --include_path="D:/Current Works/MSP430F5529/MSP430F5529LP_Examples/H7_Mouse/USB_config" --include_path="C:/ti/ccs910/ccs/tools/compiler/ti-cgt-msp430_19.6.0.STS/include" --advice:power="none" --define=__MSP430F5529__ --define=DEPRECATED -g --printf_support=minimal --diag_warning=225 --diag_wrap=off --display_error_number --silicon_errata=CPU21 --silicon_errata=CPU22 --silicon_errata=CPU23 --silicon_errata=CPU40 --preproc_with_compile --preproc_dependency="driverlib/MSP430F5xx_6xx/adc10_a.d_raw" --obj_directory="driverlib/MSP430F5xx_6xx"  "../driverlib/MSP430F5xx_6xx/adc10_a.c"
Finished building: "../driverlib/MSP430F5xx_6xx/adc10_a.c"
 
Building file: "../driverlib/MSP430F5xx_6xx/aes.c"
Invoking: MSP430 Compiler
"C:/ti/ccs910/ccs/tools/compiler/ti-cgt-msp430_19.6.0.STS/bin/cl430" -vmspx --data_model=restricted -O3 --use_hw_mpy=F5 --include_path="C:/ti/ccs910/ccs/ccs_base/msp430/include" --include_path="D:/Current Works/MSP430F5529/MSP430F5529LP_Examples/H7_Mouse" --include_path="D:/Current Works/MSP430F5529/MSP430F5529LP_Examples/H7_Mouse/driverlib/MSP430F5xx_6xx" --include_path="D:/Current Works/MSP430F5529/MSP430F5529LP_Examples/H7_Mouse/USB_config" --include_path="C:/ti/ccs910/ccs/tools/compiler/ti-cgt-msp430_19.6.0.STS/include" --advice:power="none" --define=__MSP430F5529__ --define=DEPRECATED -g --printf_support=minimal --diag_warning=225 --diag_wrap=off --display_error_number --silicon_errata=CPU21 --silicon_errata=CPU22 --silicon_errata=CPU23 --silicon_errata=CPU40 --preproc_with_compile --preproc_dependency="driverlib/MSP430F5xx_6xx/aes.d_raw" --obj_directory="driverlib/MSP430F5xx_6xx"  "../driverlib/MSP430F5xx_6xx/aes.c"
Finished building: "../driverlib/MSP430F5xx_6xx/aes.c"
 
Building file: "../driverlib/MSP430F5xx_6xx/adc12_a.c"
Invoking: MSP430 Compiler
"C:/ti/ccs910/ccs/tools/compiler/ti-cgt-msp430_19.6.0.STS/bin/cl430" -vmspx --data_model=restricted -O3 --use_hw_mpy=F5 --include_path="C:/ti/ccs910/ccs/ccs_base/msp430/include" --include_path="D:/Current Works/MSP430F5529/MSP430F5529LP_Examples/H7_Mouse" --include_path="D:/Current Works/MSP430F5529/MSP430F5529LP_Examples/H7_Mouse/driverlib/MSP430F5xx_6xx" --include_path="D:/Current Works/MSP430F5529/MSP430F5529LP_Examples/H7_Mouse/USB_config" --include_path="C:/ti/ccs910/ccs/tools/compiler/ti-cgt-msp430_19.6.0.STS/include" --advice:power="none" --define=__MSP430F5529__ --define=DEPRECATED -g --printf_support=minimal --diag_warning=225 --diag_wrap=off --display_error_number --silicon_errata=CPU21 --silicon_errata=CPU22 --silicon_errata=CPU23 --silicon_errata=CPU40 --preproc_with_compile --preproc_dependency="driverlib/MSP430F5xx_6xx/adc12_a.d_raw" --obj_directory="driverlib/MSP430F5xx_6xx"  "../driverlib/MSP430F5xx_6xx/adc12_a.c"
Finished building: "../driverlib/MSP430F5xx_6xx/adc12_a.c"
 
Building file: "../driverlib/MSP430F5xx_6xx/battbak.c"
Invoking: MSP430 Compiler
"C:/ti/ccs910/ccs/tools/compiler/ti-cgt-msp430_19.6.0.STS/bin/cl430" -vmspx --data_model=restricted -O3 --use_hw_mpy=F5 --include_path="C:/ti/ccs910/ccs/ccs_base/msp430/include" --include_path="D:/Current Works/MSP430F5529/MSP430F5529LP_Examples/H7_Mouse" --include_path="D:/Current Works/MSP430F5529/MSP430F5529LP_Examples/H7_Mouse/driverlib/MSP430F5xx_6xx" --include_path="D:/Current Works/MSP430F5529/MSP430F5529LP_Examples/H7_Mouse/USB_config" --include_path="C:/ti/ccs910/ccs/tools/compiler/ti-cgt-msp430_19.6.0.STS/include" --advice:power="none" --define=__MSP430F5529__ --define=DEPRECATED -g --printf_support=minimal --diag_warning=225 --diag_wrap=off --display_error_number --silicon_errata=CPU21 --silicon_errata=CPU22 --silicon_errata=CPU23 --silicon_errata=CPU40 --preproc_with_compile --preproc_dependency="driverlib/MSP430F5xx_6xx/battbak.d_raw" --obj_directory="driverlib/MSP430F5xx_6xx"  "../driverlib/MSP430F5xx_6xx/battbak.c"
Finished building: "../driverlib/MSP430F5xx_6xx/battbak.c"
 
Building file: "../driverlib/MSP430F5xx_6xx/comp_b.c"
Invoking: MSP430 Compiler
"C:/ti/ccs910/ccs/tools/compiler/ti-cgt-msp430_19.6.0.STS/bin/cl430" -vmspx --data_model=restricted -O3 --use_hw_mpy=F5 --include_path="C:/ti/ccs910/ccs/ccs_base/msp430/include" --include_path="D:/Current Works/MSP430F5529/MSP430F5529LP_Examples/H7_Mouse" --include_path="D:/Current Works/MSP430F5529/MSP430F5529LP_Examples/H7_Mouse/driverlib/MSP430F5xx_6xx" --include_path="D:/Current Works/MSP430F5529/MSP430F5529LP_Examples/H7_Mouse/USB_config" --include_path="C:/ti/ccs910/ccs/tools/compiler/ti-cgt-msp430_19.6.0.STS/include" --advice:power="none" --define=__MSP430F5529__ --define=DEPRECATED -g --printf_support=minimal --diag_warning=225 --diag_wrap=off --display_error_number --silicon_errata=CPU21 --silicon_errata=CPU22 --silicon_errata=CPU23 --silicon_errata=CPU40 --preproc_with_compile --preproc_dependency="driverlib/MSP430F5xx_6xx/comp_b.d_raw" --obj_directory="driverlib/MSP430F5xx_6xx"  "../driverlib/MSP430F5xx_6xx/comp_b.c"
Finished building: "../driverlib/MSP430F5xx_6xx/comp_b.c"
 
Building file: "../driverlib/MSP430F5xx_6xx/ctsd16.c"
Invoking: MSP430 Compiler
"C:/ti/ccs910/ccs/tools/compiler/ti-cgt-msp430_19.6.0.STS/bin/cl430" -vmspx --data_model=restricted -O3 --use_hw_mpy=F5 --include_path="C:/ti/ccs910/ccs/ccs_base/msp430/include" --include_path="D:/Current Works/MSP430F5529/MSP430F5529LP_Examples/H7_Mouse" --include_path="D:/Current Works/MSP430F5529/MSP430F5529LP_Examples/H7_Mouse/driverlib/MSP430F5xx_6xx" --include_path="D:/Current Works/MSP430F5529/MSP430F5529LP_Examples/H7_Mouse/USB_config" --include_path="C:/ti/ccs910/ccs/tools/compiler/ti-cgt-msp430_19.6.0.STS/include" --advice:power="none" --define=__MSP430F5529__ --define=DEPRECATED -g --printf_support=minimal --diag_warning=225 --diag_wrap=off --display_error_number --silicon_errata=CPU21 --silicon_errata=CPU22 --silicon_errata=CPU23 --silicon_errata=CPU40 --preproc_with_compile --preproc_dependency="driverlib/MSP430F5xx_6xx/ctsd16.d_raw" --obj_directory="driverlib/MSP430F5xx_6xx"  "../driverlib/MSP430F5xx_6xx/ctsd16.c"
Finished building: "../driverlib/MSP430F5xx_6xx/ctsd16.c"
 
Building file: "../driverlib/MSP430F5xx_6xx/crc.c"
Invoking: MSP430 Compiler
"C:/ti/ccs910/ccs/tools/compiler/ti-cgt-msp430_19.6.0.STS/bin/cl430" -vmspx --data_model=restricted -O3 --use_hw_mpy=F5 --include_path="C:/ti/ccs910/ccs/ccs_base/msp430/include" --include_path="D:/Current Works/MSP430F5529/MSP430F5529LP_Examples/H7_Mouse" --include_path="D:/Current Works/MSP430F5529/MSP430F5529LP_Examples/H7_Mouse/driverlib/MSP430F5xx_6xx" --include_path="D:/Current Works/MSP430F5529/MSP430F5529LP_Examples/H7_Mouse/USB_config" --include_path="C:/ti/ccs910/ccs/tools/compiler/ti-cgt-msp430_19.6.0.STS/include" --advice:power="none" --define=__MSP430F5529__ --define=DEPRECATED -g --printf_support=minimal --diag_warning=225 --diag_wrap=off --display_error_number --silicon_errata=CPU21 --silicon_errata=CPU22 --silicon_errata=CPU23 --silicon_errata=CPU40 --preproc_with_compile --preproc_dependency="driverlib/MSP430F5xx_6xx/crc.d_raw" --obj_directory="driverlib/MSP430F5xx_6xx"  "../driverlib/MSP430F5xx_6xx/crc.c"
Finished building: "../driverlib/MSP430F5xx_6xx/crc.c"
 
Building file: "../driverlib/MSP430F5xx_6xx/dac12_a.c"
Invoking: MSP430 Compiler
"C:/ti/ccs910/ccs/tools/compiler/ti-cgt-msp430_19.6.0.STS/bin/cl430" -vmspx --data_model=restricted -O3 --use_hw_mpy=F5 --include_path="C:/ti/ccs910/ccs/ccs_base/msp430/include" --include_path="D:/Current Works/MSP430F5529/MSP430F5529LP_Examples/H7_Mouse" --include_path="D:/Current Works/MSP430F5529/MSP430F5529LP_Examples/H7_Mouse/driverlib/MSP430F5xx_6xx" --include_path="D:/Current Works/MSP430F5529/MSP430F5529LP_Examples/H7_Mouse/USB_config" --include_path="C:/ti/ccs910/ccs/tools/compiler/ti-cgt-msp430_19.6.0.STS/include" --advice:power="none" --define=__MSP430F5529__ --define=DEPRECATED -g --printf_support=minimal --diag_warning=225 --diag_wrap=off --display_error_number --silicon_errata=CPU21 --silicon_errata=CPU22 --silicon_errata=CPU23 --silicon_errata=CPU40 --preproc_with_compile --preproc_dependency="driverlib/MSP430F5xx_6xx/dac12_a.d_raw" --obj_directory="driverlib/MSP430F5xx_6xx"  "../driverlib/MSP430F5xx_6xx/dac12_a.c"
Finished building: "../driverlib/MSP430F5xx_6xx/dac12_a.c"
 
Building file: "../driverlib/MSP430F5xx_6xx/dma.c"
Invoking: MSP430 Compiler
"C:/ti/ccs910/ccs/tools/compiler/ti-cgt-msp430_19.6.0.STS/bin/cl430" -vmspx --data_model=restricted -O3 --use_hw_mpy=F5 --include_path="C:/ti/ccs910/ccs/ccs_base/msp430/include" --include_path="D:/Current Works/MSP430F5529/MSP430F5529LP_Examples/H7_Mouse" --include_path="D:/Current Works/MSP430F5529/MSP430F5529LP_Examples/H7_Mouse/driverlib/MSP430F5xx_6xx" --include_path="D:/Current Works/MSP430F5529/MSP430F5529LP_Examples/H7_Mouse/USB_config" --include_path="C:/ti/ccs910/ccs/tools/compiler/ti-cgt-msp430_19.6.0.STS/include" --advice:power="none" --define=__MSP430F5529__ --define=DEPRECATED -g --printf_support=minimal --diag_warning=225 --diag_wrap=off --display_error_number --silicon_errata=CPU21 --silicon_errata=CPU22 --silicon_errata=CPU23 --silicon_errata=CPU40 --preproc_with_compile --preproc_dependency="driverlib/MSP430F5xx_6xx/dma.d_raw" --obj_directory="driverlib/MSP430F5xx_6xx"  "../driverlib/MSP430F5xx_6xx/dma.c"
Finished building: "../driverlib/MSP430F5xx_6xx/dma.c"
 
Building file: "../driverlib/MSP430F5xx_6xx/eusci_a_spi.c"
Invoking: MSP430 Compiler
"C:/ti/ccs910/ccs/tools/compiler/ti-cgt-msp430_19.6.0.STS/bin/cl430" -vmspx --data_model=restricted -O3 --use_hw_mpy=F5 --include_path="C:/ti/ccs910/ccs/ccs_base/msp430/include" --include_path="D:/Current Works/MSP430F5529/MSP430F5529LP_Examples/H7_Mouse" --include_path="D:/Current Works/MSP430F5529/MSP430F5529LP_Examples/H7_Mouse/driverlib/MSP430F5xx_6xx" --include_path="D:/Current Works/MSP430F5529/MSP430F5529LP_Examples/H7_Mouse/USB_config" --include_path="C:/ti/ccs910/ccs/tools/compiler/ti-cgt-msp430_19.6.0.STS/include" --advice:power="none" --define=__MSP430F5529__ --define=DEPRECATED -g --printf_support=minimal --diag_warning=225 --diag_wrap=off --display_error_number --silicon_errata=CPU21 --silicon_errata=CPU22 --silicon_errata=CPU23 --silicon_errata=CPU40 --preproc_with_compile --preproc_dependency="driverlib/MSP430F5xx_6xx/eusci_a_spi.d_raw" --obj_directory="driverlib/MSP430F5xx_6xx"  "../driverlib/MSP430F5xx_6xx/eusci_a_spi.c"
Finished building: "../driverlib/MSP430F5xx_6xx/eusci_a_spi.c"
 
Building file: "../driverlib/MSP430F5xx_6xx/eusci_b_i2c.c"
Invoking: MSP430 Compiler
"C:/ti/ccs910/ccs/tools/compiler/ti-cgt-msp430_19.6.0.STS/bin/cl430" -vmspx --data_model=restricted -O3 --use_hw_mpy=F5 --include_path="C:/ti/ccs910/ccs/ccs_base/msp430/include" --include_path="D:/Current Works/MSP430F5529/MSP430F5529LP_Examples/H7_Mouse" --include_path="D:/Current Works/MSP430F5529/MSP430F5529LP_Examples/H7_Mouse/driverlib/MSP430F5xx_6xx" --include_path="D:/Current Works/MSP430F5529/MSP430F5529LP_Examples/H7_Mouse/USB_config" --include_path="C:/ti/ccs910/ccs/tools/compiler/ti-cgt-msp430_19.6.0.STS/include" --advice:power="none" --define=__MSP430F5529__ --define=DEPRECATED -g --printf_support=minimal --diag_warning=225 --diag_wrap=off --display_error_number --silicon_errata=CPU21 --silicon_errata=CPU22 --silicon_errata=CPU23 --silicon_errata=CPU40 --preproc_with_compile --preproc_dependency="driverlib/MSP430F5xx_6xx/eusci_b_i2c.d_raw" --obj_directory="driverlib/MSP430F5xx_6xx"  "../driverlib/MSP430F5xx_6xx/eusci_b_i2c.c"
Finished building: "../driverlib/MSP430F5xx_6xx/eusci_b_i2c.c"
 
Building file: "../driverlib/MSP430F5xx_6xx/eusci_a_uart.c"
Invoking: MSP430 Compiler
"C:/ti/ccs910/ccs/tools/compiler/ti-cgt-msp430_19.6.0.STS/bin/cl430" -vmspx --data_model=restricted -O3 --use_hw_mpy=F5 --include_path="C:/ti/ccs910/ccs/ccs_base/msp430/include" --include_path="D:/Current Works/MSP430F5529/MSP430F5529LP_Examples/H7_Mouse" --include_path="D:/Current Works/MSP430F5529/MSP430F5529LP_Examples/H7_Mouse/driverlib/MSP430F5xx_6xx" --include_path="D:/Current Works/MSP430F5529/MSP430F5529LP_Examples/H7_Mouse/USB_config" --include_path="C:/ti/ccs910/ccs/tools/compiler/ti-cgt-msp430_19.6.0.STS/include" --advice:power="none" --define=__MSP430F5529__ --define=DEPRECATED -g --printf_support=minimal --diag_warning=225 --diag_wrap=off --display_error_number --silicon_errata=CPU21 --silicon_errata=CPU22 --silicon_errata=CPU23 --silicon_errata=CPU40 --preproc_with_compile --preproc_dependency="driverlib/MSP430F5xx_6xx/eusci_a_uart.d_raw" --obj_directory="driverlib/MSP430F5xx_6xx"  "../driverlib/MSP430F5xx_6xx/eusci_a_uart.c"
Finished building: "../driverlib/MSP430F5xx_6xx/eusci_a_uart.c"
 
Building file: "../driverlib/MSP430F5xx_6xx/eusci_b_spi.c"
Invoking: MSP430 Compiler
"C:/ti/ccs910/ccs/tools/compiler/ti-cgt-msp430_19.6.0.STS/bin/cl430" -vmspx --data_model=restricted -O3 --use_hw_mpy=F5 --include_path="C:/ti/ccs910/ccs/ccs_base/msp430/include" --include_path="D:/Current Works/MSP430F5529/MSP430F5529LP_Examples/H7_Mouse" --include_path="D:/Current Works/MSP430F5529/MSP430F5529LP_Examples/H7_Mouse/driverlib/MSP430F5xx_6xx" --include_path="D:/Current Works/MSP430F5529/MSP430F5529LP_Examples/H7_Mouse/USB_config" --include_path="C:/ti/ccs910/ccs/tools/compiler/ti-cgt-msp430_19.6.0.STS/include" --advice:power="none" --define=__MSP430F5529__ --define=DEPRECATED -g --printf_support=minimal --diag_warning=225 --diag_wrap=off --display_error_number --silicon_errata=CPU21 --silicon_errata=CPU22 --silicon_errata=CPU23 --silicon_errata=CPU40 --preproc_with_compile --preproc_dependency="driverlib/MSP430F5xx_6xx/eusci_b_spi.d_raw" --obj_directory="driverlib/MSP430F5xx_6xx"  "../driverlib/MSP430F5xx_6xx/eusci_b_spi.c"
Finished building: "../driverlib/MSP430F5xx_6xx/eusci_b_spi.c"
 
Building file: "../driverlib/MSP430F5xx_6xx/lcd_b.c"
Invoking: MSP430 Compiler
"C:/ti/ccs910/ccs/tools/compiler/ti-cgt-msp430_19.6.0.STS/bin/cl430" -vmspx --data_model=restricted -O3 --use_hw_mpy=F5 --include_path="C:/ti/ccs910/ccs/ccs_base/msp430/include" --include_path="D:/Current Works/MSP430F5529/MSP430F5529LP_Examples/H7_Mouse" --include_path="D:/Current Works/MSP430F5529/MSP430F5529LP_Examples/H7_Mouse/driverlib/MSP430F5xx_6xx" --include_path="D:/Current Works/MSP430F5529/MSP430F5529LP_Examples/H7_Mouse/USB_config" --include_path="C:/ti/ccs910/ccs/tools/compiler/ti-cgt-msp430_19.6.0.STS/include" --advice:power="none" --define=__MSP430F5529__ --define=DEPRECATED -g --printf_support=minimal --diag_warning=225 --diag_wrap=off --display_error_number --silicon_errata=CPU21 --silicon_errata=CPU22 --silicon_errata=CPU23 --silicon_errata=CPU40 --preproc_with_compile --preproc_dependency="driverlib/MSP430F5xx_6xx/lcd_b.d_raw" --obj_directory="driverlib/MSP430F5xx_6xx"  "../driverlib/MSP430F5xx_6xx/lcd_b.c"
Finished building: "../driverlib/MSP430F5xx_6xx/lcd_b.c"
 
Building file: "../driverlib/MSP430F5xx_6xx/flashctl.c"
Invoking: MSP430 Compiler
"C:/ti/ccs910/ccs/tools/compiler/ti-cgt-msp430_19.6.0.STS/bin/cl430" -vmspx --data_model=restricted -O3 --use_hw_mpy=F5 --include_path="C:/ti/ccs910/ccs/ccs_base/msp430/include" --include_path="D:/Current Works/MSP430F5529/MSP430F5529LP_Examples/H7_Mouse" --include_path="D:/Current Works/MSP430F5529/MSP430F5529LP_Examples/H7_Mouse/driverlib/MSP430F5xx_6xx" --include_path="D:/Current Works/MSP430F5529/MSP430F5529LP_Examples/H7_Mouse/USB_config" --include_path="C:/ti/ccs910/ccs/tools/compiler/ti-cgt-msp430_19.6.0.STS/include" --advice:power="none" --define=__MSP430F5529__ --define=DEPRECATED -g --printf_support=minimal --diag_warning=225 --diag_wrap=off --display_error_number --silicon_errata=CPU21 --silicon_errata=CPU22 --silicon_errata=CPU23 --silicon_errata=CPU40 --preproc_with_compile --preproc_dependency="driverlib/MSP430F5xx_6xx/flashctl.d_raw" --obj_directory="driverlib/MSP430F5xx_6xx"  "../driverlib/MSP430F5xx_6xx/flashctl.c"
Finished building: "../driverlib/MSP430F5xx_6xx/flashctl.c"
 
Building file: "../driverlib/MSP430F5xx_6xx/gpio.c"
Invoking: MSP430 Compiler
"C:/ti/ccs910/ccs/tools/compiler/ti-cgt-msp430_19.6.0.STS/bin/cl430" -vmspx --data_model=restricted -O3 --use_hw_mpy=F5 --include_path="C:/ti/ccs910/ccs/ccs_base/msp430/include" --include_path="D:/Current Works/MSP430F5529/MSP430F5529LP_Examples/H7_Mouse" --include_path="D:/Current Works/MSP430F5529/MSP430F5529LP_Examples/H7_Mouse/driverlib/MSP430F5xx_6xx" --include_path="D:/Current Works/MSP430F5529/MSP430F5529LP_Examples/H7_Mouse/USB_config" --include_path="C:/ti/ccs910/ccs/tools/compiler/ti-cgt-msp430_19.6.0.STS/include" --advice:power="none" --define=__MSP430F5529__ --define=DEPRECATED -g --printf_support=minimal --diag_warning=225 --diag_wrap=off --display_error_number --silicon_errata=CPU21 --silicon_errata=CPU22 --silicon_errata=CPU23 --silicon_errata=CPU40 --preproc_with_compile --preproc_dependency="driverlib/MSP430F5xx_6xx/gpio.d_raw" --obj_directory="driverlib/MSP430F5xx_6xx"  "../driverlib/MSP430F5xx_6xx/gpio.c"
Finished building: "../driverlib/MSP430F5xx_6xx/gpio.c"
 
Building file: "../driverlib/MSP430F5xx_6xx/ldopwr.c"
Invoking: MSP430 Compiler
"C:/ti/ccs910/ccs/tools/compiler/ti-cgt-msp430_19.6.0.STS/bin/cl430" -vmspx --data_model=restricted -O3 --use_hw_mpy=F5 --include_path="C:/ti/ccs910/ccs/ccs_base/msp430/include" --include_path="D:/Current Works/MSP430F5529/MSP430F5529LP_Examples/H7_Mouse" --include_path="D:/Current Works/MSP430F5529/MSP430F5529LP_Examples/H7_Mouse/driverlib/MSP430F5xx_6xx" --include_path="D:/Current Works/MSP430F5529/MSP430F5529LP_Examples/H7_Mouse/USB_config" --include_path="C:/ti/ccs910/ccs/tools/compiler/ti-cgt-msp430_19.6.0.STS/include" --advice:power="none" --define=__MSP430F5529__ --define=DEPRECATED -g --printf_support=minimal --diag_warning=225 --diag_wrap=off --display_error_number --silicon_errata=CPU21 --silicon_errata=CPU22 --silicon_errata=CPU23 --silicon_errata=CPU40 --preproc_with_compile --preproc_dependency="driverlib/MSP430F5xx_6xx/ldopwr.d_raw" --obj_directory="driverlib/MSP430F5xx_6xx"  "../driverlib/MSP430F5xx_6xx/ldopwr.c"
Finished building: "../driverlib/MSP430F5xx_6xx/ldopwr.c"
 
Building file: "../driverlib/MSP430F5xx_6xx/mpy32.c"
Invoking: MSP430 Compiler
"C:/ti/ccs910/ccs/tools/compiler/ti-cgt-msp430_19.6.0.STS/bin/cl430" -vmspx --data_model=restricted -O3 --use_hw_mpy=F5 --include_path="C:/ti/ccs910/ccs/ccs_base/msp430/include" --include_path="D:/Current Works/MSP430F5529/MSP430F5529LP_Examples/H7_Mouse" --include_path="D:/Current Works/MSP430F5529/MSP430F5529LP_Examples/H7_Mouse/driverlib/MSP430F5xx_6xx" --include_path="D:/Current Works/MSP430F5529/MSP430F5529LP_Examples/H7_Mouse/USB_config" --include_path="C:/ti/ccs910/ccs/tools/compiler/ti-cgt-msp430_19.6.0.STS/include" --advice:power="none" --define=__MSP430F5529__ --define=DEPRECATED -g --printf_support=minimal --diag_warning=225 --diag_wrap=off --display_error_number --silicon_errata=CPU21 --silicon_errata=CPU22 --silicon_errata=CPU23 --silicon_errata=CPU40 --preproc_with_compile --preproc_dependency="driverlib/MSP430F5xx_6xx/mpy32.d_raw" --obj_directory="driverlib/MSP430F5xx_6xx"  "../driverlib/MSP430F5xx_6xx/mpy32.c"
Finished building: "../driverlib/MSP430F5xx_6xx/mpy32.c"
 
Building file: "../driverlib/MSP430F5xx_6xx/oa.c"
Invoking: MSP430 Compiler
"C:/ti/ccs910/ccs/tools/compiler/ti-cgt-msp430_19.6.0.STS/bin/cl430" -vmspx --data_model=restricted -O3 --use_hw_mpy=F5 --include_path="C:/ti/ccs910/ccs/ccs_base/msp430/include" --include_path="D:/Current Works/MSP430F5529/MSP430F5529LP_Examples/H7_Mouse" --include_path="D:/Current Works/MSP430F5529/MSP430F5529LP_Examples/H7_Mouse/driverlib/MSP430F5xx_6xx" --include_path="D:/Current Works/MSP430F5529/MSP430F5529LP_Examples/H7_Mouse/USB_config" --include_path="C:/ti/ccs910/ccs/tools/compiler/ti-cgt-msp430_19.6.0.STS/include" --advice:power="none" --define=__MSP430F5529__ --define=DEPRECATED -g --printf_support=minimal --diag_warning=225 --diag_wrap=off --display_error_number --silicon_errata=CPU21 --silicon_errata=CPU22 --silicon_errata=CPU23 --silicon_errata=CPU40 --preproc_with_compile --preproc_dependency="driverlib/MSP430F5xx_6xx/oa.d_raw" --obj_directory="driverlib/MSP430F5xx_6xx"  "../driverlib/MSP430F5xx_6xx/oa.c"
Finished building: "../driverlib/MSP430F5xx_6xx/oa.c"
 
Building file: "../driverlib/MSP430F5xx_6xx/pmap.c"
Invoking: MSP430 Compiler
"C:/ti/ccs910/ccs/tools/compiler/ti-cgt-msp430_19.6.0.STS/bin/cl430" -vmspx --data_model=restricted -O3 --use_hw_mpy=F5 --include_path="C:/ti/ccs910/ccs/ccs_base/msp430/include" --include_path="D:/Current Works/MSP430F5529/MSP430F5529LP_Examples/H7_Mouse" --include_path="D:/Current Works/MSP430F5529/MSP430F5529LP_Examples/H7_Mouse/driverlib/MSP430F5xx_6xx" --include_path="D:/Current Works/MSP430F5529/MSP430F5529LP_Examples/H7_Mouse/USB_config" --include_path="C:/ti/ccs910/ccs/tools/compiler/ti-cgt-msp430_19.6.0.STS/include" --advice:power="none" --define=__MSP430F5529__ --define=DEPRECATED -g --printf_support=minimal --diag_warning=225 --diag_wrap=off --display_error_number --silicon_errata=CPU21 --silicon_errata=CPU22 --silicon_errata=CPU23 --silicon_errata=CPU40 --preproc_with_compile --preproc_dependency="driverlib/MSP430F5xx_6xx/pmap.d_raw" --obj_directory="driverlib/MSP430F5xx_6xx"  "../driverlib/MSP430F5xx_6xx/pmap.c"
Finished building: "../driverlib/MSP430F5xx_6xx/pmap.c"
 
Building file: "../driverlib/MSP430F5xx_6xx/ram.c"
Invoking: MSP430 Compiler
"C:/ti/ccs910/ccs/tools/compiler/ti-cgt-msp430_19.6.0.STS/bin/cl430" -vmspx --data_model=restricted -O3 --use_hw_mpy=F5 --include_path="C:/ti/ccs910/ccs/ccs_base/msp430/include" --include_path="D:/Current Works/MSP430F5529/MSP430F5529LP_Examples/H7_Mouse" --include_path="D:/Current Works/MSP430F5529/MSP430F5529LP_Examples/H7_Mouse/driverlib/MSP430F5xx_6xx" --include_path="D:/Current Works/MSP430F5529/MSP430F5529LP_Examples/H7_Mouse/USB_config" --include_path="C:/ti/ccs910/ccs/tools/compiler/ti-cgt-msp430_19.6.0.STS/include" --advice:power="none" --define=__MSP430F5529__ --define=DEPRECATED -g --printf_support=minimal --diag_warning=225 --diag_wrap=off --display_error_number --silicon_errata=CPU21 --silicon_errata=CPU22 --silicon_errata=CPU23 --silicon_errata=CPU40 --preproc_with_compile --preproc_dependency="driverlib/MSP430F5xx_6xx/ram.d_raw" --obj_directory="driverlib/MSP430F5xx_6xx"  "../driverlib/MSP430F5xx_6xx/ram.c"
Finished building: "../driverlib/MSP430F5xx_6xx/ram.c"
 
Building file: "../driverlib/MSP430F5xx_6xx/ref.c"
Invoking: MSP430 Compiler
"C:/ti/ccs910/ccs/tools/compiler/ti-cgt-msp430_19.6.0.STS/bin/cl430" -vmspx --data_model=restricted -O3 --use_hw_mpy=F5 --include_path="C:/ti/ccs910/ccs/ccs_base/msp430/include" --include_path="D:/Current Works/MSP430F5529/MSP430F5529LP_Examples/H7_Mouse" --include_path="D:/Current Works/MSP430F5529/MSP430F5529LP_Examples/H7_Mouse/driverlib/MSP430F5xx_6xx" --include_path="D:/Current Works/MSP430F5529/MSP430F5529LP_Examples/H7_Mouse/USB_config" --include_path="C:/ti/ccs910/ccs/tools/compiler/ti-cgt-msp430_19.6.0.STS/include" --advice:power="none" --define=__MSP430F5529__ --define=DEPRECATED -g --printf_support=minimal --diag_warning=225 --diag_wrap=off --display_error_number --silicon_errata=CPU21 --silicon_errata=CPU22 --silicon_errata=CPU23 --silicon_errata=CPU40 --preproc_with_compile --preproc_dependency="driverlib/MSP430F5xx_6xx/ref.d_raw" --obj_directory="driverlib/MSP430F5xx_6xx"  "../driverlib/MSP430F5xx_6xx/ref.c"
Finished building: "../driverlib/MSP430F5xx_6xx/ref.c"
 
Building file: "../driverlib/MSP430F5xx_6xx/pmm.c"
Invoking: MSP430 Compiler
"C:/ti/ccs910/ccs/tools/compiler/ti-cgt-msp430_19.6.0.STS/bin/cl430" -vmspx --data_model=restricted -O3 --use_hw_mpy=F5 --include_path="C:/ti/ccs910/ccs/ccs_base/msp430/include" --include_path="D:/Current Works/MSP430F5529/MSP430F5529LP_Examples/H7_Mouse" --include_path="D:/Current Works/MSP430F5529/MSP430F5529LP_Examples/H7_Mouse/driverlib/MSP430F5xx_6xx" --include_path="D:/Current Works/MSP430F5529/MSP430F5529LP_Examples/H7_Mouse/USB_config" --include_path="C:/ti/ccs910/ccs/tools/compiler/ti-cgt-msp430_19.6.0.STS/include" --advice:power="none" --define=__MSP430F5529__ --define=DEPRECATED -g --printf_support=minimal --diag_warning=225 --diag_wrap=off --display_error_number --silicon_errata=CPU21 --silicon_errata=CPU22 --silicon_errata=CPU23 --silicon_errata=CPU40 --preproc_with_compile --preproc_dependency="driverlib/MSP430F5xx_6xx/pmm.d_raw" --obj_directory="driverlib/MSP430F5xx_6xx"  "../driverlib/MSP430F5xx_6xx/pmm.c"
Finished building: "../driverlib/MSP430F5xx_6xx/pmm.c"
 
Building file: "../driverlib/MSP430F5xx_6xx/rtc_a.c"
Invoking: MSP430 Compiler
"C:/ti/ccs910/ccs/tools/compiler/ti-cgt-msp430_19.6.0.STS/bin/cl430" -vmspx --data_model=restricted -O3 --use_hw_mpy=F5 --include_path="C:/ti/ccs910/ccs/ccs_base/msp430/include" --include_path="D:/Current Works/MSP430F5529/MSP430F5529LP_Examples/H7_Mouse" --include_path="D:/Current Works/MSP430F5529/MSP430F5529LP_Examples/H7_Mouse/driverlib/MSP430F5xx_6xx" --include_path="D:/Current Works/MSP430F5529/MSP430F5529LP_Examples/H7_Mouse/USB_config" --include_path="C:/ti/ccs910/ccs/tools/compiler/ti-cgt-msp430_19.6.0.STS/include" --advice:power="none" --define=__MSP430F5529__ --define=DEPRECATED -g --printf_support=minimal --diag_warning=225 --diag_wrap=off --display_error_number --silicon_errata=CPU21 --silicon_errata=CPU22 --silicon_errata=CPU23 --silicon_errata=CPU40 --preproc_with_compile --preproc_dependency="driverlib/MSP430F5xx_6xx/rtc_a.d_raw" --obj_directory="driverlib/MSP430F5xx_6xx"  "../driverlib/MSP430F5xx_6xx/rtc_a.c"
Finished building: "../driverlib/MSP430F5xx_6xx/rtc_a.c"
 
Building file: "../driverlib/MSP430F5xx_6xx/rtc_b.c"
Invoking: MSP430 Compiler
"C:/ti/ccs910/ccs/tools/compiler/ti-cgt-msp430_19.6.0.STS/bin/cl430" -vmspx --data_model=restricted -O3 --use_hw_mpy=F5 --include_path="C:/ti/ccs910/ccs/ccs_base/msp430/include" --include_path="D:/Current Works/MSP430F5529/MSP430F5529LP_Examples/H7_Mouse" --include_path="D:/Current Works/MSP430F5529/MSP430F5529LP_Examples/H7_Mouse/driverlib/MSP430F5xx_6xx" --include_path="D:/Current Works/MSP430F5529/MSP430F5529LP_Examples/H7_Mouse/USB_config" --include_path="C:/ti/ccs910/ccs/tools/compiler/ti-cgt-msp430_19.6.0.STS/include" --advice:power="none" --define=__MSP430F5529__ --define=DEPRECATED -g --printf_support=minimal --diag_warning=225 --diag_wrap=off --display_error_number --silicon_errata=CPU21 --silicon_errata=CPU22 --silicon_errata=CPU23 --silicon_errata=CPU40 --preproc_with_compile --preproc_dependency="driverlib/MSP430F5xx_6xx/rtc_b.d_raw" --obj_directory="driverlib/MSP430F5xx_6xx"  "../driverlib/MSP430F5xx_6xx/rtc_b.c"
Finished building: "../driverlib/MSP430F5xx_6xx/rtc_b.c"
 
Building file: "../driverlib/MSP430F5xx_6xx/rtc_c.c"
Invoking: MSP430 Compiler
"C:/ti/ccs910/ccs/tools/compiler/ti-cgt-msp430_19.6.0.STS/bin/cl430" -vmspx --data_model=restricted -O3 --use_hw_mpy=F5 --include_path="C:/ti/ccs910/ccs/ccs_base/msp430/include" --include_path="D:/Current Works/MSP430F5529/MSP430F5529LP_Examples/H7_Mouse" --include_path="D:/Current Works/MSP430F5529/MSP430F5529LP_Examples/H7_Mouse/driverlib/MSP430F5xx_6xx" --include_path="D:/Current Works/MSP430F5529/MSP430F5529LP_Examples/H7_Mouse/USB_config" --include_path="C:/ti/ccs910/ccs/tools/compiler/ti-cgt-msp430_19.6.0.STS/include" --advice:power="none" --define=__MSP430F5529__ --define=DEPRECATED -g --printf_support=minimal --diag_warning=225 --diag_wrap=off --display_error_number --silicon_errata=CPU21 --silicon_errata=CPU22 --silicon_errata=CPU23 --silicon_errata=CPU40 --preproc_with_compile --preproc_dependency="driverlib/MSP430F5xx_6xx/rtc_c.d_raw" --obj_directory="driverlib/MSP430F5xx_6xx"  "../driverlib/MSP430F5xx_6xx/rtc_c.c"
Finished building: "../driverlib/MSP430F5xx_6xx/rtc_c.c"
 
Building file: "../driverlib/MSP430F5xx_6xx/sd24_b.c"
Invoking: MSP430 Compiler
"C:/ti/ccs910/ccs/tools/compiler/ti-cgt-msp430_19.6.0.STS/bin/cl430" -vmspx --data_model=restricted -O3 --use_hw_mpy=F5 --include_path="C:/ti/ccs910/ccs/ccs_base/msp430/include" --include_path="D:/Current Works/MSP430F5529/MSP430F5529LP_Examples/H7_Mouse" --include_path="D:/Current Works/MSP430F5529/MSP430F5529LP_Examples/H7_Mouse/driverlib/MSP430F5xx_6xx" --include_path="D:/Current Works/MSP430F5529/MSP430F5529LP_Examples/H7_Mouse/USB_config" --include_path="C:/ti/ccs910/ccs/tools/compiler/ti-cgt-msp430_19.6.0.STS/include" --advice:power="none" --define=__MSP430F5529__ --define=DEPRECATED -g --printf_support=minimal --diag_warning=225 --diag_wrap=off --display_error_number --silicon_errata=CPU21 --silicon_errata=CPU22 --silicon_errata=CPU23 --silicon_errata=CPU40 --preproc_with_compile --preproc_dependency="driverlib/MSP430F5xx_6xx/sd24_b.d_raw" --obj_directory="driverlib/MSP430F5xx_6xx"  "../driverlib/MSP430F5xx_6xx/sd24_b.c"
Finished building: "../driverlib/MSP430F5xx_6xx/sd24_b.c"
 
Building file: "../driverlib/MSP430F5xx_6xx/sfr.c"
Invoking: MSP430 Compiler
"C:/ti/ccs910/ccs/tools/compiler/ti-cgt-msp430_19.6.0.STS/bin/cl430" -vmspx --data_model=restricted -O3 --use_hw_mpy=F5 --include_path="C:/ti/ccs910/ccs/ccs_base/msp430/include" --include_path="D:/Current Works/MSP430F5529/MSP430F5529LP_Examples/H7_Mouse" --include_path="D:/Current Works/MSP430F5529/MSP430F5529LP_Examples/H7_Mouse/driverlib/MSP430F5xx_6xx" --include_path="D:/Current Works/MSP430F5529/MSP430F5529LP_Examples/H7_Mouse/USB_config" --include_path="C:/ti/ccs910/ccs/tools/compiler/ti-cgt-msp430_19.6.0.STS/include" --advice:power="none" --define=__MSP430F5529__ --define=DEPRECATED -g --printf_support=minimal --diag_warning=225 --diag_wrap=off --display_error_number --silicon_errata=CPU21 --silicon_errata=CPU22 --silicon_errata=CPU23 --silicon_errata=CPU40 --preproc_with_compile --preproc_dependency="driverlib/MSP430F5xx_6xx/sfr.d_raw" --obj_directory="driverlib/MSP430F5xx_6xx"  "../driverlib/MSP430F5xx_6xx/sfr.c"
Finished building: "../driverlib/MSP430F5xx_6xx/sfr.c"
 
Building file: "../driverlib/MSP430F5xx_6xx/sysctl.c"
Invoking: MSP430 Compiler
"C:/ti/ccs910/ccs/tools/compiler/ti-cgt-msp430_19.6.0.STS/bin/cl430" -vmspx --data_model=restricted -O3 --use_hw_mpy=F5 --include_path="C:/ti/ccs910/ccs/ccs_base/msp430/include" --include_path="D:/Current Works/MSP430F5529/MSP430F5529LP_Examples/H7_Mouse" --include_path="D:/Current Works/MSP430F5529/MSP430F5529LP_Examples/H7_Mouse/driverlib/MSP430F5xx_6xx" --include_path="D:/Current Works/MSP430F5529/MSP430F5529LP_Examples/H7_Mouse/USB_config" --include_path="C:/ti/ccs910/ccs/tools/compiler/ti-cgt-msp430_19.6.0.STS/include" --advice:power="none" --define=__MSP430F5529__ --define=DEPRECATED -g --printf_support=minimal --diag_warning=225 --diag_wrap=off --display_error_number --silicon_errata=CPU21 --silicon_errata=CPU22 --silicon_errata=CPU23 --silicon_errata=CPU40 --preproc_with_compile --preproc_dependency="driverlib/MSP430F5xx_6xx/sysctl.d_raw" --obj_directory="driverlib/MSP430F5xx_6xx"  "../driverlib/MSP430F5xx_6xx/sysctl.c"
Finished building: "../driverlib/MSP430F5xx_6xx/sysctl.c"
 
Building file: "../driverlib/MSP430F5xx_6xx/tec.c"
Invoking: MSP430 Compiler
"C:/ti/ccs910/ccs/tools/compiler/ti-cgt-msp430_19.6.0.STS/bin/cl430" -vmspx --data_model=restricted -O3 --use_hw_mpy=F5 --include_path="C:/ti/ccs910/ccs/ccs_base/msp430/include" --include_path="D:/Current Works/MSP430F5529/MSP430F5529LP_Examples/H7_Mouse" --include_path="D:/Current Works/MSP430F5529/MSP430F5529LP_Examples/H7_Mouse/driverlib/MSP430F5xx_6xx" --include_path="D:/Current Works/MSP430F5529/MSP430F5529LP_Examples/H7_Mouse/USB_config" --include_path="C:/ti/ccs910/ccs/tools/compiler/ti-cgt-msp430_19.6.0.STS/include" --advice:power="none" --define=__MSP430F5529__ --define=DEPRECATED -g --printf_support=minimal --diag_warning=225 --diag_wrap=off --display_error_number --silicon_errata=CPU21 --silicon_errata=CPU22 --silicon_errata=CPU23 --silicon_errata=CPU40 --preproc_with_compile --preproc_dependency="driverlib/MSP430F5xx_6xx/tec.d_raw" --obj_directory="driverlib/MSP430F5xx_6xx"  "../driverlib/MSP430F5xx_6xx/tec.c"
Finished building: "../driverlib/MSP430F5xx_6xx/tec.c"
 
Building file: "../driverlib/MSP430F5xx_6xx/timer_a.c"
Invoking: MSP430 Compiler
"C:/ti/ccs910/ccs/tools/compiler/ti-cgt-msp430_19.6.0.STS/bin/cl430" -vmspx --data_model=restricted -O3 --use_hw_mpy=F5 --include_path="C:/ti/ccs910/ccs/ccs_base/msp430/include" --include_path="D:/Current Works/MSP430F5529/MSP430F5529LP_Examples/H7_Mouse" --include_path="D:/Current Works/MSP430F5529/MSP430F5529LP_Examples/H7_Mouse/driverlib/MSP430F5xx_6xx" --include_path="D:/Current Works/MSP430F5529/MSP430F5529LP_Examples/H7_Mouse/USB_config" --include_path="C:/ti/ccs910/ccs/tools/compiler/ti-cgt-msp430_19.6.0.STS/include" --advice:power="none" --define=__MSP430F5529__ --define=DEPRECATED -g --printf_support=minimal --diag_warning=225 --diag_wrap=off --display_error_number --silicon_errata=CPU21 --silicon_errata=CPU22 --silicon_errata=CPU23 --silicon_errata=CPU40 --preproc_with_compile --preproc_dependency="driverlib/MSP430F5xx_6xx/timer_a.d_raw" --obj_directory="driverlib/MSP430F5xx_6xx"  "../driverlib/MSP430F5xx_6xx/timer_a.c"
Finished building: "../driverlib/MSP430F5xx_6xx/timer_a.c"
 
Building file: "../driverlib/MSP430F5xx_6xx/timer_d.c"
Invoking: MSP430 Compiler
"C:/ti/ccs910/ccs/tools/compiler/ti-cgt-msp430_19.6.0.STS/bin/cl430" -vmspx --data_model=restricted -O3 --use_hw_mpy=F5 --include_path="C:/ti/ccs910/ccs/ccs_base/msp430/include" --include_path="D:/Current Works/MSP430F5529/MSP430F5529LP_Examples/H7_Mouse" --include_path="D:/Current Works/MSP430F5529/MSP430F5529LP_Examples/H7_Mouse/driverlib/MSP430F5xx_6xx" --include_path="D:/Current Works/MSP430F5529/MSP430F5529LP_Examples/H7_Mouse/USB_config" --include_path="C:/ti/ccs910/ccs/tools/compiler/ti-cgt-msp430_19.6.0.STS/include" --advice:power="none" --define=__MSP430F5529__ --define=DEPRECATED -g --printf_support=minimal --diag_warning=225 --diag_wrap=off --display_error_number --silicon_errata=CPU21 --silicon_errata=CPU22 --silicon_errata=CPU23 --silicon_errata=CPU40 --preproc_with_compile --preproc_dependency="driverlib/MSP430F5xx_6xx/timer_d.d_raw" --obj_directory="driverlib/MSP430F5xx_6xx"  "../driverlib/MSP430F5xx_6xx/timer_d.c"
Finished building: "../driverlib/MSP430F5xx_6xx/timer_d.c"
 
Building file: "../driverlib/MSP430F5xx_6xx/timer_b.c"
Invoking: MSP430 Compiler
"C:/ti/ccs910/ccs/tools/compiler/ti-cgt-msp430_19.6.0.STS/bin/cl430" -vmspx --data_model=restricted -O3 --use_hw_mpy=F5 --include_path="C:/ti/ccs910/ccs/ccs_base/msp430/include" --include_path="D:/Current Works/MSP430F5529/MSP430F5529LP_Examples/H7_Mouse" --include_path="D:/Current Works/MSP430F5529/MSP430F5529LP_Examples/H7_Mouse/driverlib/MSP430F5xx_6xx" --include_path="D:/Current Works/MSP430F5529/MSP430F5529LP_Examples/H7_Mouse/USB_config" --include_path="C:/ti/ccs910/ccs/tools/compiler/ti-cgt-msp430_19.6.0.STS/include" --advice:power="none" --define=__MSP430F5529__ --define=DEPRECATED -g --printf_support=minimal --diag_warning=225 --diag_wrap=off --display_error_number --silicon_errata=CPU21 --silicon_errata=CPU22 --silicon_errata=CPU23 --silicon_errata=CPU40 --preproc_with_compile --preproc_dependency="driverlib/MSP430F5xx_6xx/timer_b.d_raw" --obj_directory="driverlib/MSP430F5xx_6xx"  "../driverlib/MSP430F5xx_6xx/timer_b.c"
Finished building: "../driverlib/MSP430F5xx_6xx/timer_b.c"
 
Building file: "../driverlib/MSP430F5xx_6xx/tlv.c"
Invoking: MSP430 Compiler
"C:/ti/ccs910/ccs/tools/compiler/ti-cgt-msp430_19.6.0.STS/bin/cl430" -vmspx --data_model=restricted -O3 --use_hw_mpy=F5 --include_path="C:/ti/ccs910/ccs/ccs_base/msp430/include" --include_path="D:/Current Works/MSP430F5529/MSP430F5529LP_Examples/H7_Mouse" --include_path="D:/Current Works/MSP430F5529/MSP430F5529LP_Examples/H7_Mouse/driverlib/MSP430F5xx_6xx" --include_path="D:/Current Works/MSP430F5529/MSP430F5529LP_Examples/H7_Mouse/USB_config" --include_path="C:/ti/ccs910/ccs/tools/compiler/ti-cgt-msp430_19.6.0.STS/include" --advice:power="none" --define=__MSP430F5529__ --define=DEPRECATED -g --printf_support=minimal --diag_warning=225 --diag_wrap=off --display_error_number --silicon_errata=CPU21 --silicon_errata=CPU22 --silicon_errata=CPU23 --silicon_errata=CPU40 --preproc_with_compile --preproc_dependency="driverlib/MSP430F5xx_6xx/tlv.d_raw" --obj_directory="driverlib/MSP430F5xx_6xx"  "../driverlib/MSP430F5xx_6xx/tlv.c"
Finished building: "../driverlib/MSP430F5xx_6xx/tlv.c"
 
Building file: "../driverlib/MSP430F5xx_6xx/usci_a_spi.c"
Invoking: MSP430 Compiler
"C:/ti/ccs910/ccs/tools/compiler/ti-cgt-msp430_19.6.0.STS/bin/cl430" -vmspx --data_model=restricted -O3 --use_hw_mpy=F5 --include_path="C:/ti/ccs910/ccs/ccs_base/msp430/include" --include_path="D:/Current Works/MSP430F5529/MSP430F5529LP_Examples/H7_Mouse" --include_path="D:/Current Works/MSP430F5529/MSP430F5529LP_Examples/H7_Mouse/driverlib/MSP430F5xx_6xx" --include_path="D:/Current Works/MSP430F5529/MSP430F5529LP_Examples/H7_Mouse/USB_config" --include_path="C:/ti/ccs910/ccs/tools/compiler/ti-cgt-msp430_19.6.0.STS/include" --advice:power="none" --define=__MSP430F5529__ --define=DEPRECATED -g --printf_support=minimal --diag_warning=225 --diag_wrap=off --display_error_number --silicon_errata=CPU21 --silicon_errata=CPU22 --silicon_errata=CPU23 --silicon_errata=CPU40 --preproc_with_compile --preproc_dependency="driverlib/MSP430F5xx_6xx/usci_a_spi.d_raw" --obj_directory="driverlib/MSP430F5xx_6xx"  "../driverlib/MSP430F5xx_6xx/usci_a_spi.c"
Finished building: "../driverlib/MSP430F5xx_6xx/usci_a_spi.c"
 
Building file: "../driverlib/MSP430F5xx_6xx/ucs.c"
Invoking: MSP430 Compiler
"C:/ti/ccs910/ccs/tools/compiler/ti-cgt-msp430_19.6.0.STS/bin/cl430" -vmspx --data_model=restricted -O3 --use_hw_mpy=F5 --include_path="C:/ti/ccs910/ccs/ccs_base/msp430/include" --include_path="D:/Current Works/MSP430F5529/MSP430F5529LP_Examples/H7_Mouse" --include_path="D:/Current Works/MSP430F5529/MSP430F5529LP_Examples/H7_Mouse/driverlib/MSP430F5xx_6xx" --include_path="D:/Current Works/MSP430F5529/MSP430F5529LP_Examples/H7_Mouse/USB_config" --include_path="C:/ti/ccs910/ccs/tools/compiler/ti-cgt-msp430_19.6.0.STS/include" --advice:power="none" --define=__MSP430F5529__ --define=DEPRECATED -g --printf_support=minimal --diag_warning=225 --diag_wrap=off --display_error_number --silicon_errata=CPU21 --silicon_errata=CPU22 --silicon_errata=CPU23 --silicon_errata=CPU40 --preproc_with_compile --preproc_dependency="driverlib/MSP430F5xx_6xx/ucs.d_raw" --obj_directory="driverlib/MSP430F5xx_6xx"  "../driverlib/MSP430F5xx_6xx/ucs.c"
Finished building: "../driverlib/MSP430F5xx_6xx/ucs.c"
 
Building file: "../driverlib/MSP430F5xx_6xx/usci_a_uart.c"
Invoking: MSP430 Compiler
"C:/ti/ccs910/ccs/tools/compiler/ti-cgt-msp430_19.6.0.STS/bin/cl430" -vmspx --data_model=restricted -O3 --use_hw_mpy=F5 --include_path="C:/ti/ccs910/ccs/ccs_base/msp430/include" --include_path="D:/Current Works/MSP430F5529/MSP430F5529LP_Examples/H7_Mouse" --include_path="D:/Current Works/MSP430F5529/MSP430F5529LP_Examples/H7_Mouse/driverlib/MSP430F5xx_6xx" --include_path="D:/Current Works/MSP430F5529/MSP430F5529LP_Examples/H7_Mouse/USB_config" --include_path="C:/ti/ccs910/ccs/tools/compiler/ti-cgt-msp430_19.6.0.STS/include" --advice:power="none" --define=__MSP430F5529__ --define=DEPRECATED -g --printf_support=minimal --diag_warning=225 --diag_wrap=off --display_error_number --silicon_errata=CPU21 --silicon_errata=CPU22 --silicon_errata=CPU23 --silicon_errata=CPU40 --preproc_with_compile --preproc_dependency="driverlib/MSP430F5xx_6xx/usci_a_uart.d_raw" --obj_directory="driverlib/MSP430F5xx_6xx"  "../driverlib/MSP430F5xx_6xx/usci_a_uart.c"
Finished building: "../driverlib/MSP430F5xx_6xx/usci_a_uart.c"
 
Building file: "../driverlib/MSP430F5xx_6xx/usci_b_spi.c"
Invoking: MSP430 Compiler
"C:/ti/ccs910/ccs/tools/compiler/ti-cgt-msp430_19.6.0.STS/bin/cl430" -vmspx --data_model=restricted -O3 --use_hw_mpy=F5 --include_path="C:/ti/ccs910/ccs/ccs_base/msp430/include" --include_path="D:/Current Works/MSP430F5529/MSP430F5529LP_Examples/H7_Mouse" --include_path="D:/Current Works/MSP430F5529/MSP430F5529LP_Examples/H7_Mouse/driverlib/MSP430F5xx_6xx" --include_path="D:/Current Works/MSP430F5529/MSP430F5529LP_Examples/H7_Mouse/USB_config" --include_path="C:/ti/ccs910/ccs/tools/compiler/ti-cgt-msp430_19.6.0.STS/include" --advice:power="none" --define=__MSP430F5529__ --define=DEPRECATED -g --printf_support=minimal --diag_warning=225 --diag_wrap=off --display_error_number --silicon_errata=CPU21 --silicon_errata=CPU22 --silicon_errata=CPU23 --silicon_errata=CPU40 --preproc_with_compile --preproc_dependency="driverlib/MSP430F5xx_6xx/usci_b_spi.d_raw" --obj_directory="driverlib/MSP430F5xx_6xx"  "../driverlib/MSP430F5xx_6xx/usci_b_spi.c"
Finished building: "../driverlib/MSP430F5xx_6xx/usci_b_spi.c"
 
Building file: "../driverlib/MSP430F5xx_6xx/usci_b_i2c.c"
Invoking: MSP430 Compiler
"C:/ti/ccs910/ccs/tools/compiler/ti-cgt-msp430_19.6.0.STS/bin/cl430" -vmspx --data_model=restricted -O3 --use_hw_mpy=F5 --include_path="C:/ti/ccs910/ccs/ccs_base/msp430/include" --include_path="D:/Current Works/MSP430F5529/MSP430F5529LP_Examples/H7_Mouse" --include_path="D:/Current Works/MSP430F5529/MSP430F5529LP_Examples/H7_Mouse/driverlib/MSP430F5xx_6xx" --include_path="D:/Current Works/MSP430F5529/MSP430F5529LP_Examples/H7_Mouse/USB_config" --include_path="C:/ti/ccs910/ccs/tools/compiler/ti-cgt-msp430_19.6.0.STS/include" --advice:power="none" --define=__MSP430F5529__ --define=DEPRECATED -g --printf_support=minimal --diag_warning=225 --diag_wrap=off --display_error_number --silicon_errata=CPU21 --silicon_errata=CPU22 --silicon_errata=CPU23 --silicon_errata=CPU40 --preproc_with_compile --preproc_dependency="driverlib/MSP430F5xx_6xx/usci_b_i2c.d_raw" --obj_directory="driverlib/MSP430F5xx_6xx"  "../driverlib/MSP430F5xx_6xx/usci_b_i2c.c"
Finished building: "../driverlib/MSP430F5xx_6xx/usci_b_i2c.c"
 
Building file: "../driverlib/MSP430F5xx_6xx/wdt_a.c"
Invoking: MSP430 Compiler
"C:/ti/ccs910/ccs/tools/compiler/ti-cgt-msp430_19.6.0.STS/bin/cl430" -vmspx --data_model=restricted -O3 --use_hw_mpy=F5 --include_path="C:/ti/ccs910/ccs/ccs_base/msp430/include" --include_path="D:/Current Works/MSP430F5529/MSP430F5529LP_Examples/H7_Mouse" --include_path="D:/Current Works/MSP430F5529/MSP430F5529LP_Examples/H7_Mouse/driverlib/MSP430F5xx_6xx" --include_path="D:/Current Works/MSP430F5529/MSP430F5529LP_Examples/H7_Mouse/USB_config" --include_path="C:/ti/ccs910/ccs/tools/compiler/ti-cgt-msp430_19.6.0.STS/include" --advice:power="none" --define=__MSP430F5529__ --define=DEPRECATED -g --printf_support=minimal --diag_warning=225 --diag_wrap=off --display_error_number --silicon_errata=CPU21 --silicon_errata=CPU22 --silicon_errata=CPU23 --silicon_errata=CPU40 --preproc_with_compile --preproc_dependency="driverlib/MSP430F5xx_6xx/wdt_a.d_raw" --obj_directory="driverlib/MSP430F5xx_6xx"  "../driverlib/MSP430F5xx_6xx/wdt_a.c"
Finished building: "../driverlib/MSP430F5xx_6xx/wdt_a.c"
 
Building target: "H7_Mouse.out"
Invoking: MSP430 Linker
"C:/ti/ccs910/ccs/tools/compiler/ti-cgt-msp430_19.6.0.STS/bin/cl430" -vmspx --data_model=restricted -O3 --use_hw_mpy=F5 --advice:power="none" --define=__MSP430F5529__ --define=DEPRECATED -g --printf_support=minimal --diag_warning=225 --diag_wrap=off --display_error_number --silicon_errata=CPU21 --silicon_errata=CPU22 --silicon_errata=CPU23 --silicon_errata=CPU40 -z -m"H7_Mouse.map" --heap_size=160 --stack_size=160 --cinit_hold_wdt=on -i"C:/ti/ccs910/ccs/ccs_base/msp430/include" -i"C:/ti/ccs910/ccs/ccs_base/msp430/lib/5xx_6xx_FRxx" -i"C:/ti/ccs910/ccs/tools/compiler/ti-cgt-msp430_19.6.0.STS/lib" -i"C:/ti/ccs910/ccs/tools/compiler/ti-cgt-msp430_19.6.0.STS/include" --reread_libs --diag_wrap=off --display_error_number --warn_sections --xml_link_info="H7_Mouse_linkInfo.xml" --use_hw_mpy=F5 --rom_model -o "H7_Mouse.out" "./hal.obj" "./main.obj" "./system_pre_init.obj" "./USB_API/USB_CDC_API/UsbCdc.obj" "./USB_API/USB_Common/usb.obj" "./USB_API/USB_Common/usbdma.obj" "./USB_API/USB_HID_API/UsbHid.obj" "./USB_API/USB_HID_API/UsbHidReq.obj" "./USB_API/USB_MSC_API/UsbMscReq.obj" "./USB_API/USB_MSC_API/UsbMscScsi.obj" "./USB_API/USB_MSC_API/UsbMscStateMachine.obj" "./USB_API/USB_PHDC_API/UsbPHDC.obj" "./USB_app/usbEventHandling.obj" "./USB_config/UsbIsr.obj" "./USB_config/descriptors.obj" "./driverlib/MSP430F5xx_6xx/adc10_a.obj" "./driverlib/MSP430F5xx_6xx/adc12_a.obj" "./driverlib/MSP430F5xx_6xx/aes.obj" "./driverlib/MSP430F5xx_6xx/battbak.obj" "./driverlib/MSP430F5xx_6xx/comp_b.obj" "./driverlib/MSP430F5xx_6xx/crc.obj" "./driverlib/MSP430F5xx_6xx/ctsd16.obj" "./driverlib/MSP430F5xx_6xx/dac12_a.obj" "./driverlib/MSP430F5xx_6xx/dma.obj" "./driverlib/MSP430F5xx_6xx/eusci_a_spi.obj" "./driverlib/MSP430F5xx_6xx/eusci_a_uart.obj" "./driverlib/MSP430F5xx_6xx/eusci_b_i2c.obj" "./driverlib/MSP430F5xx_6xx/eusci_b_spi.obj" "./driverlib/MSP430F5xx_6xx/flashctl.obj" "./driverlib/MSP430F5xx_6xx/gpio.obj" "./driverlib/MSP430F5xx_6xx/lcd_b.obj" "./driverlib/MSP430F5xx_6xx/ldopwr.obj" "./driverlib/MSP430F5xx_6xx/mpy32.obj" "./driverlib/MSP430F5xx_6xx/oa.obj" "./driverlib/MSP430F5xx_6xx/pmap.obj" "./driverlib/MSP430F5xx_6xx/pmm.obj" "./driverlib/MSP430F5xx_6xx/ram.obj" "./driverlib/MSP430F5xx_6xx/ref.obj" "./driverlib/MSP430F5xx_6xx/rtc_a.obj" "./driverlib/MSP430F5xx_6xx/rtc_b.obj" "./driverlib/MSP430F5xx_6xx/rtc_c.obj" "./driverlib/MSP430F5xx_6xx/sd24_b.obj" "./driverlib/MSP430F5xx_6xx/sfr.obj" "./driverlib/MSP430F5xx_6xx/sysctl.obj" "./driverlib/MSP430F5xx_6xx/tec.obj" "./driverlib/MSP430F5xx_6xx/timer_a.obj" "./driverlib/MSP430F5xx_6xx/timer_b.obj" "./driverlib/MSP430F5xx_6xx/timer_d.obj" "./driverlib/MSP430F5xx_6xx/tlv.obj" "./driverlib/MSP430F5xx_6xx/ucs.obj" "./driverlib/MSP430F5xx_6xx/usci_a_spi.obj" "./driverlib/MSP430F5xx_6xx/usci_a_uart.obj" "./driverlib/MSP430F5xx_6xx/usci_b_i2c.obj" "./driverlib/MSP430F5xx_6xx/usci_b_spi.obj" "./driverlib/MSP430F5xx_6xx/wdt_a.obj" "../lnk_msp430f5529.cmd" "../USB_API/msp430USB.cmd"  -llibmath.a -llibc.a 
<Linking>
Finished building target: "H7_Mouse.out"
 

**** Build Finished ****
