
**** Build of configuration Debug for project TA0 - Multiple PWM ****

"C:\\ti\\ccs920\\ccs\\utils\\bin\\gmake" -k -j 4 all -O 
 
Building file: "../main.c"
Invoking: MSP430 Compiler
"C:/ti/ccs920/ccs/tools/compiler/ti-cgt-msp430_19.6.0.STS/bin/cl430" -vmspx --code_model=large --data_model=restricted --near_data=none --use_hw_mpy=F5 --include_path="d:/Current Works/MSP430F5529/MSP430F5529LP_Examples/TA0 - Multiple PWM/My_Libraries" --include_path="C:/ti/ccs920/ccs/ccs_base/msp430/include" --include_path="D:/Current Works/MSP430F5529/MSP430F5529LP_Examples/TA0 - Multiple PWM" --include_path="D:/Current Works/MSP430F5529/MSP430F5529LP_Examples/TA0 - Multiple PWM/driverlib/MSP430F5xx_6xx" --include_path="C:/ti/ccs920/ccs/tools/compiler/ti-cgt-msp430_19.6.0.STS/include" --advice:power=all --define=__MSP430F5529__ -g --printf_support=minimal --diag_warning=225 --diag_wrap=off --display_error_number --silicon_errata=CPU21 --silicon_errata=CPU22 --silicon_errata=CPU23 --silicon_errata=CPU40 --preproc_with_compile --preproc_dependency="main.d_raw"  "../main.c"
"../main.c", line 38: remark #1544-D: (ULP 13.1) Detected loop counting up. Recommend loops count down as detecting zeros is easier
"../main.c", line 52: remark #1527-D: (ULP 2.1) Detected SW delay loop using __delay_cycles. Recommend using a timer module instead
"../main.c", line 106: remark #1546-D: (ULP 15.1) Detected consecutive bitfield assigns. Recommend using bit mask instead
"../main.c", line 107: remark #1546-D: (ULP 15.1) Detected consecutive bitfield assigns. Recommend using bit mask instead
"../main.c", line 108: remark #1546-D: (ULP 15.1) Detected consecutive bitfield assigns. Recommend using bit mask instead
"../main.c", line 109: remark #1546-D: (ULP 15.1) Detected consecutive bitfield assigns. Recommend using bit mask instead
"../main.c", line 112: remark #1546-D: (ULP 15.1) Detected consecutive bitfield assigns. Recommend using bit mask instead
"../main.c", line 113: remark #1546-D: (ULP 15.1) Detected consecutive bitfield assigns. Recommend using bit mask instead
"../main.c", line 114: remark #1546-D: (ULP 15.1) Detected consecutive bitfield assigns. Recommend using bit mask instead
"../main.c", line 117: remark #1546-D: (ULP 15.1) Detected consecutive bitfield assigns. Recommend using bit mask instead
"../main.c", line 118: remark #1546-D: (ULP 15.1) Detected consecutive bitfield assigns. Recommend using bit mask instead
"../main.c", line 119: remark #1546-D: (ULP 15.1) Detected consecutive bitfield assigns. Recommend using bit mask instead
"../main.c", line 122: remark #1546-D: (ULP 15.1) Detected consecutive bitfield assigns. Recommend using bit mask instead
"../main.c", line 123: remark #1546-D: (ULP 15.1) Detected consecutive bitfield assigns. Recommend using bit mask instead
"../main.c", line 124: remark #1546-D: (ULP 15.1) Detected consecutive bitfield assigns. Recommend using bit mask instead
Finished building: "../main.c"
 
Building target: "TA0 - Multiple PWM.out"
Invoking: MSP430 Linker
"C:/ti/ccs920/ccs/tools/compiler/ti-cgt-msp430_19.6.0.STS/bin/cl430" -vmspx --code_model=large --data_model=restricted --near_data=none --use_hw_mpy=F5 --advice:power=all --define=__MSP430F5529__ -g --printf_support=minimal --diag_warning=225 --diag_wrap=off --display_error_number --silicon_errata=CPU21 --silicon_errata=CPU22 --silicon_errata=CPU23 --silicon_errata=CPU40 -z -m"TA0 - Multiple PWM.map" --heap_size=160 --stack_size=160 --cinit_hold_wdt=on -i"C:/ti/ccs920/ccs/ccs_base/msp430/include" -i"C:/ti/ccs920/ccs/ccs_base/msp430/lib/5xx_6xx_FRxx" -i"C:/ti/ccs920/ccs/tools/compiler/ti-cgt-msp430_19.6.0.STS/lib" -i"C:/ti/ccs920/ccs/tools/compiler/ti-cgt-msp430_19.6.0.STS/include" --reread_libs --diag_wrap=off --display_error_number --warn_sections --xml_link_info="TA0 - Multiple PWM_linkInfo.xml" --use_hw_mpy=F5 --rom_model -o "TA0 - Multiple PWM.out" "./main.obj" "./driverlib/MSP430F5xx_6xx/adc10_a.obj" "./driverlib/MSP430F5xx_6xx/adc12_a.obj" "./driverlib/MSP430F5xx_6xx/aes.obj" "./driverlib/MSP430F5xx_6xx/battbak.obj" "./driverlib/MSP430F5xx_6xx/comp_b.obj" "./driverlib/MSP430F5xx_6xx/crc.obj" "./driverlib/MSP430F5xx_6xx/ctsd16.obj" "./driverlib/MSP430F5xx_6xx/dac12_a.obj" "./driverlib/MSP430F5xx_6xx/dma.obj" "./driverlib/MSP430F5xx_6xx/eusci_a_spi.obj" "./driverlib/MSP430F5xx_6xx/eusci_a_uart.obj" "./driverlib/MSP430F5xx_6xx/eusci_b_i2c.obj" "./driverlib/MSP430F5xx_6xx/eusci_b_spi.obj" "./driverlib/MSP430F5xx_6xx/flashctl.obj" "./driverlib/MSP430F5xx_6xx/gpio.obj" "./driverlib/MSP430F5xx_6xx/lcd_b.obj" "./driverlib/MSP430F5xx_6xx/lcd_c.obj" "./driverlib/MSP430F5xx_6xx/ldopwr.obj" "./driverlib/MSP430F5xx_6xx/mpy32.obj" "./driverlib/MSP430F5xx_6xx/oa.obj" "./driverlib/MSP430F5xx_6xx/pmap.obj" "./driverlib/MSP430F5xx_6xx/pmm.obj" "./driverlib/MSP430F5xx_6xx/ram.obj" "./driverlib/MSP430F5xx_6xx/ref.obj" "./driverlib/MSP430F5xx_6xx/rtc_a.obj" "./driverlib/MSP430F5xx_6xx/rtc_b.obj" "./driverlib/MSP430F5xx_6xx/rtc_c.obj" "./driverlib/MSP430F5xx_6xx/sd24_b.obj" "./driverlib/MSP430F5xx_6xx/sfr.obj" "./driverlib/MSP430F5xx_6xx/sysctl.obj" "./driverlib/MSP430F5xx_6xx/tec.obj" "./driverlib/MSP430F5xx_6xx/timer_a.obj" "./driverlib/MSP430F5xx_6xx/timer_b.obj" "./driverlib/MSP430F5xx_6xx/timer_d.obj" "./driverlib/MSP430F5xx_6xx/tlv.obj" "./driverlib/MSP430F5xx_6xx/ucs.obj" "./driverlib/MSP430F5xx_6xx/usci_a_spi.obj" "./driverlib/MSP430F5xx_6xx/usci_a_uart.obj" "./driverlib/MSP430F5xx_6xx/usci_b_i2c.obj" "./driverlib/MSP430F5xx_6xx/usci_b_spi.obj" "./driverlib/MSP430F5xx_6xx/wdt_a.obj" "../lnk_msp430f5529.cmd"  -llibmath.a -llibc.a 
<Linking>
remark #10372-D: (ULP 4.1) Detected uninitialized Port A in this project. Recommend initializing all unused ports to eliminate wasted current consumption on unused pins.
remark #10372-D: (ULP 4.1) Detected uninitialized Port B in this project. Recommend initializing all unused ports to eliminate wasted current consumption on unused pins.
remark #10372-D: (ULP 4.1) Detected uninitialized Port C in this project. Recommend initializing all unused ports to eliminate wasted current consumption on unused pins.
remark #10372-D: (ULP 4.1) Detected uninitialized Port D in this project. Recommend initializing all unused ports to eliminate wasted current consumption on unused pins.
Finished building target: "TA0 - Multiple PWM.out"
 
Building files: "TA0 - Multiple PWM.out"
Invoking: MSP430 Hex Utility
"C:/ti/ccs920/ccs/tools/compiler/ti-cgt-msp430_19.6.0.STS/bin/hex430" --memwidth=8 --romwidth=8 --intel -o "TA0 - Multiple PWM.hex"  "TA0 - Multiple PWM.out" 
Translating to Intel format...
   "TA0 - Multiple PWM.out" .text:_isr ==> .text:_isr
   "TA0 - Multiple PWM.out" .const ==> .const
   "TA0 - Multiple PWM.out" .cinit ==> .cinit
   "TA0 - Multiple PWM.out" RTC ==> RTC
   "TA0 - Multiple PWM.out" PORT2 ==> PORT2
   "TA0 - Multiple PWM.out" TIMER2_A1 ==> TIMER2_A1
   "TA0 - Multiple PWM.out" TIMER2_A0 ==> TIMER2_A0
   "TA0 - Multiple PWM.out" USCI_B1 ==> USCI_B1
   "TA0 - Multiple PWM.out" USCI_A1 ==> USCI_A1
   "TA0 - Multiple PWM.out" PORT1 ==> PORT1
   "TA0 - Multiple PWM.out" TIMER1_A1 ==> TIMER1_A1
   "TA0 - Multiple PWM.out" TIMER1_A0 ==> TIMER1_A0
   "TA0 - Multiple PWM.out" DMA ==> DMA
   "TA0 - Multiple PWM.out" USB_UBM ==> USB_UBM
   "TA0 - Multiple PWM.out" TIMER0_A1 ==> TIMER0_A1
   "TA0 - Multiple PWM.out" TIMER0_A0 ==> TIMER0_A0
   "TA0 - Multiple PWM.out" ADC12 ==> ADC12
   "TA0 - Multiple PWM.out" USCI_B0 ==> USCI_B0
   "TA0 - Multiple PWM.out" USCI_A0 ==> USCI_A0
   "TA0 - Multiple PWM.out" WDT ==> WDT
   "TA0 - Multiple PWM.out" TIMER0_B1 ==> TIMER0_B1
   "TA0 - Multiple PWM.out" TIMER0_B0 ==> TIMER0_B0
   "TA0 - Multiple PWM.out" COMP_B ==> COMP_B
   "TA0 - Multiple PWM.out" UNMI ==> UNMI
   "TA0 - Multiple PWM.out" SYSNMI ==> SYSNMI
   "TA0 - Multiple PWM.out" .reset ==> .reset
   "TA0 - Multiple PWM.out" .text ==> .text
Finished building: "TA0 - Multiple PWM.out"
 

**** Build Finished ****
